Args: /dr_checker/drcheckerdeps/llvm/build/bin/opt -analyze -debug -load /dockershare/gitrepo/helper_scripts/../llvm_analysis/MainAnalysisPasses/build_dir/SoundyAliasAnalysis/libSoundyAliasAnalysis.so -dr_checker -toCheckFunction=ffs_closedir -functionType=NEWTYPE -skipInit=1 -outputFile=/dockershare/ucore_plus/dr_checker_out/ffs_closedir.json -instrWarnOutput=/dockershare/ucore_plus/dr_checker_out/instr_warnings/ffs_closedirinstr_warngs.json /tmp/tmpt7KYUe 

Features:+64bit,+sse2
CPU:generic

Subtarget features: SSELevel 2, 3DNowLevel 0, 64bit 1
Provided Function Type:NEWTYPE, Function Name:ffs_closedir
????????????????????
Starting Analyzing function:ffs_closedir
[+] Writing output to:/dockershare/ucore_plus/dr_checker_out/ffs_closedir.json
[+] Return message from file write:Success
[+] Writing Instr output to:/dockershare/ucore_plus/dr_checker_out/instr_warnings/ffs_closedirinstr_warngs.json
[+] Return message from file write:Success
Printing analysis 'Soundy Driver Checker':
Pass::print not implemented for pass: 'Soundy Driver Checker'!
Args: /dr_checker/drcheckerdeps/llvm/build/bin/opt -analyze -debug -load /dockershare/gitrepo/helper_scripts/../llvm_analysis/MainAnalysisPasses/build_dir/SoundyAliasAnalysis/libSoundyAliasAnalysis.so -dr_checker -toCheckFunction=ffs_closedir -functionType=NEWTYPE -skipInit=1 -outputFile=/dockershare/ucore_plus/dr_checker_out/ffs_closedir.json -instrWarnOutput=/dockershare/ucore_plus/dr_checker_out/instr_warnings/ffs_closedirinstr_warngs.json /tmp/tmpPI8DL9 

Features:+64bit,+sse2
CPU:generic

Subtarget features: SSELevel 2, 3DNowLevel 0, 64bit 1
Provided Function Type:NEWTYPE, Function Name:ffs_closedir
Starting Analyzing function:ffs_closedir
[+] Writing output to:/dockershare/ucore_plus/dr_checker_out/ffs_closedir.json
[+] Return message from file write:Success
[+] Writing Instr output to:/dockershare/ucore_plus/dr_checker_out/instr_warnings/ffs_closedirinstr_warngs.json
[+] Return message from file write:Success
Printing analysis 'Soundy Driver Checker':
Pass::print not implemented for pass: 'Soundy Driver Checker'!
