Args: /dr_checker/drcheckerdeps/llvm/build/bin/opt -analyze -debug -load /dockershare/gitrepo/helper_scripts/../llvm_analysis/MainAnalysisPasses/build_dir/SoundyAliasAnalysis/libSoundyAliasAnalysis.so -dr_checker -toCheckFunction=lapic_eoi_send -functionType=NEWTYPE -skipInit=1 -outputFile=/dockershare/ucore_plus/dr_checker_out/lapic_eoi_send.json -instrWarnOutput=/dockershare/ucore_plus/dr_checker_out/instr_warnings/lapic_eoi_sendinstr_warngs.json /tmp/tmpk3ISJ9 

Features:+64bit,+sse2
CPU:generic

Subtarget features: SSELevel 2, 3DNowLevel 0, 64bit 1
KnuthDiv: m=2 n=2
KnuthDiv: original: 0 4294967295 4294967295 2147483647 4294967260 by 2147483647 4294967295
KnuthDiv:   normal: 1 4294967295 4294967294 4294967295 4294967224 by 4294967295 4294967294
KnuthDiv: quotient digit #2
KnuthDiv: dividend == 8589934591
KnuthDiv: qp == 2, rp == 1
KnuthDiv: u[j+i] = 2, borrow = 1
KnuthDiv: u[j+i] = 0, borrow = 1
KnuthDiv: after subtraction: 0 0 2 4294967295 4294967224
KnuthDiv: after correction: 0 0 2 4294967295 4294967224
KnuthDiv: digit result = 2
KnuthDiv: quotient digit #1
KnuthDiv: dividend == 2
KnuthDiv: qp == 0, rp == 2
KnuthDiv: u[j+i] = 4294967295, borrow = 0
KnuthDiv: u[j+i] = 2, borrow = 0
KnuthDiv: after subtraction: 0 0 2 4294967295 4294967224
KnuthDiv: after correction: 0 0 2 4294967295 4294967224
KnuthDiv: digit result = 0
KnuthDiv: quotient digit #0
KnuthDiv: dividend == 12884901887
KnuthDiv: qp == 2, rp == 4294967297
KnuthDiv: u[j+i] = 4294967228, borrow = 2
KnuthDiv: u[j+i] = 4294967295, borrow = 2
KnuthDiv: after subtraction: 0 0 0 4294967295 4294967228
KnuthDiv: after correction: 0 0 0 4294967295 4294967228
KnuthDiv: digit result = 2
KnuthDiv: quotient: 2 0 2

KnuthDiv: m=2 n=2
KnuthDiv: original: 0 4294967295 4294967295 2147483647 4294967260 by 2147483647 4294967295
KnuthDiv:   normal: 1 4294967295 4294967294 4294967295 4294967224 by 4294967295 4294967294
KnuthDiv: quotient digit #2
KnuthDiv: dividend == 8589934591
KnuthDiv: qp == 2, rp == 1
KnuthDiv: u[j+i] = 2, borrow = 1
KnuthDiv: u[j+i] = 0, borrow = 1
KnuthDiv: after subtraction: 0 0 2 4294967295 4294967224
KnuthDiv: after correction: 0 0 2 4294967295 4294967224
KnuthDiv: digit result = 2
KnuthDiv: quotient digit #1
KnuthDiv: dividend == 2
KnuthDiv: qp == 0, rp == 2
KnuthDiv: u[j+i] = 4294967295, borrow = 0
KnuthDiv: u[j+i] = 2, borrow = 0
KnuthDiv: after subtraction: 0 0 2 4294967295 4294967224
KnuthDiv: after correction: 0 0 2 4294967295 4294967224
KnuthDiv: digit result = 0
KnuthDiv: quotient digit #0
KnuthDiv: dividend == 12884901887
KnuthDiv: qp == 2, rp == 4294967297
KnuthDiv: u[j+i] = 4294967228, borrow = 2
KnuthDiv: u[j+i] = 4294967295, borrow = 2
KnuthDiv: after subtraction: 0 0 0 4294967295 4294967228
KnuthDiv: after correction: 0 0 0 4294967295 4294967228
KnuthDiv: digit result = 2
KnuthDiv: quotient: 2 0 2

Provided Function Type:NEWTYPE, Function Name:lapic_eoi_send
????????????????????
Starting Analyzing function:lapic_eoi_send
[+] Writing output to:/dockershare/ucore_plus/dr_checker_out/lapic_eoi_send.json
[+] Return message from file write:Success
[+] Writing Instr output to:/dockershare/ucore_plus/dr_checker_out/instr_warnings/lapic_eoi_sendinstr_warngs.json
[+] Return message from file write:Success
Printing analysis 'Soundy Driver Checker':
Pass::print not implemented for pass: 'Soundy Driver Checker'!
Args: /dr_checker/drcheckerdeps/llvm/build/bin/opt -analyze -debug -load /dockershare/gitrepo/helper_scripts/../llvm_analysis/MainAnalysisPasses/build_dir/SoundyAliasAnalysis/libSoundyAliasAnalysis.so -dr_checker -toCheckFunction=lapic_eoi_send -functionType=NEWTYPE -skipInit=1 -outputFile=/dockershare/ucore_plus/dr_checker_out/lapic_eoi_send.json -instrWarnOutput=/dockershare/ucore_plus/dr_checker_out/instr_warnings/lapic_eoi_sendinstr_warngs.json /tmp/tmp_Isyza 

Features:+64bit,+sse2
CPU:generic

Subtarget features: SSELevel 2, 3DNowLevel 0, 64bit 1
KnuthDiv: m=2 n=2
KnuthDiv: original: 0 4294967295 4294967295 2147483647 4294967260 by 2147483647 4294967295
KnuthDiv:   normal: 1 4294967295 4294967294 4294967295 4294967224 by 4294967295 4294967294
KnuthDiv: quotient digit #2
KnuthDiv: dividend == 8589934591
KnuthDiv: qp == 2, rp == 1
KnuthDiv: u[j+i] = 2, borrow = 1
KnuthDiv: u[j+i] = 0, borrow = 1
KnuthDiv: after subtraction: 0 0 2 4294967295 4294967224
KnuthDiv: after correction: 0 0 2 4294967295 4294967224
KnuthDiv: digit result = 2
KnuthDiv: quotient digit #1
KnuthDiv: dividend == 2
KnuthDiv: qp == 0, rp == 2
KnuthDiv: u[j+i] = 4294967295, borrow = 0
KnuthDiv: u[j+i] = 2, borrow = 0
KnuthDiv: after subtraction: 0 0 2 4294967295 4294967224
KnuthDiv: after correction: 0 0 2 4294967295 4294967224
KnuthDiv: digit result = 0
KnuthDiv: quotient digit #0
KnuthDiv: dividend == 12884901887
KnuthDiv: qp == 2, rp == 4294967297
KnuthDiv: u[j+i] = 4294967228, borrow = 2
KnuthDiv: u[j+i] = 4294967295, borrow = 2
KnuthDiv: after subtraction: 0 0 0 4294967295 4294967228
KnuthDiv: after correction: 0 0 0 4294967295 4294967228
KnuthDiv: digit result = 2
KnuthDiv: quotient: 2 0 2

Provided Function Type:NEWTYPE, Function Name:lapic_eoi_send
Starting Analyzing function:lapic_eoi_send
[+] Writing output to:/dockershare/ucore_plus/dr_checker_out/lapic_eoi_send.json
[+] Return message from file write:Success
[+] Writing Instr output to:/dockershare/ucore_plus/dr_checker_out/instr_warnings/lapic_eoi_sendinstr_warngs.json
[+] Return message from file write:Success
Printing analysis 'Soundy Driver Checker':
Pass::print not implemented for pass: 'Soundy Driver Checker'!
