Args: /dr_checker/drcheckerdeps/llvm/build/bin/opt -analyze -debug -load /dockershare/gitrepo/helper_scripts/../llvm_analysis/MainAnalysisPasses/build_dir/SoundyAliasAnalysis/libSoundyAliasAnalysis.so -dr_checker -toCheckFunction=MLFQ_init -functionType=NEWTYPE -skipInit=1 -outputFile=/dockershare/ucore_plus/dr_checker_out/MLFQ_init.json -instrWarnOutput=/dockershare/ucore_plus/dr_checker_out/instr_warnings/MLFQ_initinstr_warngs.json /tmp/tmpRLXFLH 

Features:+64bit,+sse2
CPU:generic

Subtarget features: SSELevel 2, 3DNowLevel 0, 64bit 1
Provided Function Type:NEWTYPE, Function Name:MLFQ_init
????????????????????
Starting Analyzing function:MLFQ_init
[+] Writing output to:/dockershare/ucore_plus/dr_checker_out/MLFQ_init.json
[+] Return message from file write:Success
[+] Writing Instr output to:/dockershare/ucore_plus/dr_checker_out/instr_warnings/MLFQ_initinstr_warngs.json
[+] Return message from file write:Success
Printing analysis 'Soundy Driver Checker':
Pass::print not implemented for pass: 'Soundy Driver Checker'!
Args: /dr_checker/drcheckerdeps/llvm/build/bin/opt -analyze -debug -load /dockershare/gitrepo/helper_scripts/../llvm_analysis/MainAnalysisPasses/build_dir/SoundyAliasAnalysis/libSoundyAliasAnalysis.so -dr_checker -toCheckFunction=MLFQ_init -functionType=NEWTYPE -skipInit=1 -outputFile=/dockershare/ucore_plus/dr_checker_out/MLFQ_init.json -instrWarnOutput=/dockershare/ucore_plus/dr_checker_out/instr_warnings/MLFQ_initinstr_warngs.json /tmp/tmpWGE0Cx 

Features:+64bit,+sse2
CPU:generic

Subtarget features: SSELevel 2, 3DNowLevel 0, 64bit 1
Provided Function Type:NEWTYPE, Function Name:MLFQ_init
Starting Analyzing function:MLFQ_init
[+] Writing output to:/dockershare/ucore_plus/dr_checker_out/MLFQ_init.json
[+] Return message from file write:Success
[+] Writing Instr output to:/dockershare/ucore_plus/dr_checker_out/instr_warnings/MLFQ_initinstr_warngs.json
[+] Return message from file write:Success
Printing analysis 'Soundy Driver Checker':
Pass::print not implemented for pass: 'Soundy Driver Checker'!
