Args: /dr_checker/drcheckerdeps/llvm/build/bin/opt -analyze -debug -load /dockershare/gitrepo/helper_scripts/../llvm_analysis/MainAnalysisPasses/build_dir/SoundyAliasAnalysis/libSoundyAliasAnalysis.so -dr_checker -toCheckFunction=MLFQ_enqueue -functionType=NEWTYPE -skipInit=1 -outputFile=/dockershare/ucore_plus/dr_checker_out/MLFQ_enqueue.json -instrWarnOutput=/dockershare/ucore_plus/dr_checker_out/instr_warnings/MLFQ_enqueueinstr_warngs.json /tmp/tmpX9XDi2 

Features:+64bit,+sse2
CPU:generic

Subtarget features: SSELevel 2, 3DNowLevel 0, 64bit 1
Provided Function Type:NEWTYPE, Function Name:MLFQ_enqueue
????????????????????
Starting Analyzing function:MLFQ_enqueue
MAX CALL SITE DEPTH REACHED, IGNORING:llvm.dbg.value
MAX CALL SITE DEPTH REACHED, IGNORING:llvm.dbg.value
MAX CALL SITE DEPTH REACHED, IGNORING:llvm.dbg.value
MAX CALL SITE DEPTH REACHED, IGNORING:llvm.dbg.declare
MAX CALL SITE DEPTH REACHED, IGNORING:llvm.va_start
MAX CALL SITE DEPTH REACHED, IGNORING:vkprintf
MAX CALL SITE DEPTH REACHED, IGNORING:kprintf
MAX CALL SITE DEPTH REACHED, IGNORING:intr_disable
MAX CALL SITE DEPTH REACHED, IGNORING:monitor
MAX CALL SITE DEPTH REACHED, IGNORING:llvm.dbg.value
MAX CALL SITE DEPTH REACHED, IGNORING:llvm.dbg.declare
MAX CALL SITE DEPTH REACHED, IGNORING:llvm.va_start
MAX CALL SITE DEPTH REACHED, IGNORING:vkprintf
MAX CALL SITE DEPTH REACHED, IGNORING:llvm.dbg.value
MAX CALL SITE DEPTH REACHED, IGNORING:llvm.dbg.value
MAX CALL SITE DEPTH REACHED, IGNORING:llvm.dbg.declare
MAX CALL SITE DEPTH REACHED, IGNORING:llvm.va_start
MAX CALL SITE DEPTH REACHED, IGNORING:vkprintf
MAX CALL SITE DEPTH REACHED, IGNORING:llvm.dbg.value
MAX CALL SITE DEPTH REACHED, IGNORING:llvm.dbg.value
MAX CALL SITE DEPTH REACHED, IGNORING:llvm.dbg.value
MAX CALL SITE DEPTH REACHED, IGNORING:llvm.dbg.value
MAX CALL SITE DEPTH REACHED, IGNORING:llvm.dbg.declare
MAX CALL SITE DEPTH REACHED, IGNORING:llvm.va_start
MAX CALL SITE DEPTH REACHED, IGNORING:kprintf
MAX CALL SITE DEPTH REACHED, IGNORING:vkprintf
MAX CALL SITE DEPTH REACHED, IGNORING:intr_disable
MAX CALL SITE DEPTH REACHED, IGNORING:monitor
[+] Writing output to:/dockershare/ucore_plus/dr_checker_out/MLFQ_enqueue.json
[+] Return message from file write:Success
[+] Writing Instr output to:/dockershare/ucore_plus/dr_checker_out/instr_warnings/MLFQ_enqueueinstr_warngs.json
[+] Return message from file write:Success
Printing analysis 'Soundy Driver Checker':
Pass::print not implemented for pass: 'Soundy Driver Checker'!
Args: /dr_checker/drcheckerdeps/llvm/build/bin/opt -analyze -debug -load /dockershare/gitrepo/helper_scripts/../llvm_analysis/MainAnalysisPasses/build_dir/SoundyAliasAnalysis/libSoundyAliasAnalysis.so -dr_checker -toCheckFunction=MLFQ_enqueue -functionType=NEWTYPE -skipInit=1 -outputFile=/dockershare/ucore_plus/dr_checker_out/MLFQ_enqueue.json -instrWarnOutput=/dockershare/ucore_plus/dr_checker_out/instr_warnings/MLFQ_enqueueinstr_warngs.json /tmp/tmpyXf0No 

Features:+64bit,+sse2
CPU:generic

Subtarget features: SSELevel 2, 3DNowLevel 0, 64bit 1
Provided Function Type:NEWTYPE, Function Name:MLFQ_enqueue
Starting Analyzing function:MLFQ_enqueue
MAX CALL SITE DEPTH REACHED, IGNORING:llvm.dbg.value
MAX CALL SITE DEPTH REACHED, IGNORING:llvm.dbg.value
MAX CALL SITE DEPTH REACHED, IGNORING:llvm.dbg.value
MAX CALL SITE DEPTH REACHED, IGNORING:llvm.dbg.declare
MAX CALL SITE DEPTH REACHED, IGNORING:llvm.va_start
MAX CALL SITE DEPTH REACHED, IGNORING:vkprintf
MAX CALL SITE DEPTH REACHED, IGNORING:kprintf
MAX CALL SITE DEPTH REACHED, IGNORING:intr_disable
MAX CALL SITE DEPTH REACHED, IGNORING:monitor
MAX CALL SITE DEPTH REACHED, IGNORING:llvm.dbg.value
MAX CALL SITE DEPTH REACHED, IGNORING:llvm.dbg.declare
MAX CALL SITE DEPTH REACHED, IGNORING:llvm.va_start
MAX CALL SITE DEPTH REACHED, IGNORING:vkprintf
MAX CALL SITE DEPTH REACHED, IGNORING:llvm.dbg.value
MAX CALL SITE DEPTH REACHED, IGNORING:llvm.dbg.value
MAX CALL SITE DEPTH REACHED, IGNORING:llvm.dbg.declare
MAX CALL SITE DEPTH REACHED, IGNORING:llvm.va_start
MAX CALL SITE DEPTH REACHED, IGNORING:vkprintf
MAX CALL SITE DEPTH REACHED, IGNORING:llvm.dbg.value
MAX CALL SITE DEPTH REACHED, IGNORING:llvm.dbg.value
MAX CALL SITE DEPTH REACHED, IGNORING:llvm.dbg.value
MAX CALL SITE DEPTH REACHED, IGNORING:llvm.dbg.value
MAX CALL SITE DEPTH REACHED, IGNORING:llvm.dbg.declare
MAX CALL SITE DEPTH REACHED, IGNORING:llvm.va_start
MAX CALL SITE DEPTH REACHED, IGNORING:kprintf
MAX CALL SITE DEPTH REACHED, IGNORING:vkprintf
MAX CALL SITE DEPTH REACHED, IGNORING:intr_disable
MAX CALL SITE DEPTH REACHED, IGNORING:monitor
[+] Writing output to:/dockershare/ucore_plus/dr_checker_out/MLFQ_enqueue.json
[+] Return message from file write:Success
[+] Writing Instr output to:/dockershare/ucore_plus/dr_checker_out/instr_warnings/MLFQ_enqueueinstr_warngs.json
[+] Return message from file write:Success
Printing analysis 'Soundy Driver Checker':
Pass::print not implemented for pass: 'Soundy Driver Checker'!
