Args: /dr_checker/drcheckerdeps/llvm/build/bin/opt -analyze -debug -load /dockershare/gitrepo/helper_scripts/../llvm_analysis/MainAnalysisPasses/build_dir/SoundyAliasAnalysis/libSoundyAliasAnalysis.so -dr_checker -toCheckFunction=MLFQ_pick_next -functionType=NEWTYPE -skipInit=1 -outputFile=/dockershare/ucore_plus/dr_checker_out/MLFQ_pick_next.json -instrWarnOutput=/dockershare/ucore_plus/dr_checker_out/instr_warnings/MLFQ_pick_nextinstr_warngs.json /tmp/tmpXqso_I 

Features:+64bit,+sse2
CPU:generic

Subtarget features: SSELevel 2, 3DNowLevel 0, 64bit 1
Provided Function Type:NEWTYPE, Function Name:MLFQ_pick_next
????????????????????
Starting Analyzing function:MLFQ_pick_next
[+] Writing output to:/dockershare/ucore_plus/dr_checker_out/MLFQ_pick_next.json
[+] Return message from file write:Success
[+] Writing Instr output to:/dockershare/ucore_plus/dr_checker_out/instr_warnings/MLFQ_pick_nextinstr_warngs.json
[+] Return message from file write:Success
Printing analysis 'Soundy Driver Checker':
Pass::print not implemented for pass: 'Soundy Driver Checker'!
Args: /dr_checker/drcheckerdeps/llvm/build/bin/opt -analyze -debug -load /dockershare/gitrepo/helper_scripts/../llvm_analysis/MainAnalysisPasses/build_dir/SoundyAliasAnalysis/libSoundyAliasAnalysis.so -dr_checker -toCheckFunction=MLFQ_pick_next -functionType=NEWTYPE -skipInit=1 -outputFile=/dockershare/ucore_plus/dr_checker_out/MLFQ_pick_next.json -instrWarnOutput=/dockershare/ucore_plus/dr_checker_out/instr_warnings/MLFQ_pick_nextinstr_warngs.json /tmp/tmpYn8mZr 

Features:+64bit,+sse2
CPU:generic

Subtarget features: SSELevel 2, 3DNowLevel 0, 64bit 1
Provided Function Type:NEWTYPE, Function Name:MLFQ_pick_next
Starting Analyzing function:MLFQ_pick_next
[+] Writing output to:/dockershare/ucore_plus/dr_checker_out/MLFQ_pick_next.json
[+] Return message from file write:Success
[+] Writing Instr output to:/dockershare/ucore_plus/dr_checker_out/instr_warnings/MLFQ_pick_nextinstr_warngs.json
[+] Return message from file write:Success
Printing analysis 'Soundy Driver Checker':
Pass::print not implemented for pass: 'Soundy Driver Checker'!
