Args: /dr_checker/drcheckerdeps/llvm/build/bin/opt -analyze -debug -load /dockershare/gitrepo/helper_scripts/../llvm_analysis/MainAnalysisPasses/build_dir/SoundyAliasAnalysis/libSoundyAliasAnalysis.so -dr_checker -toCheckFunction=pipe_inode_gettype -functionType=NEWTYPE -skipInit=1 -outputFile=/dockershare/ucore_plus/dr_checker_out/pipe_inode_gettype.json -instrWarnOutput=/dockershare/ucore_plus/dr_checker_out/instr_warnings/pipe_inode_gettypeinstr_warngs.json /tmp/tmpfwW1zU 

Features:+64bit,+sse2
CPU:generic

Subtarget features: SSELevel 2, 3DNowLevel 0, 64bit 1
Provided Function Type:NEWTYPE, Function Name:pipe_inode_gettype
????????????????????
Starting Analyzing function:pipe_inode_gettype
[+] Writing output to:/dockershare/ucore_plus/dr_checker_out/pipe_inode_gettype.json
[+] Return message from file write:Success
[+] Writing Instr output to:/dockershare/ucore_plus/dr_checker_out/instr_warnings/pipe_inode_gettypeinstr_warngs.json
[+] Return message from file write:Success
Printing analysis 'Soundy Driver Checker':
Pass::print not implemented for pass: 'Soundy Driver Checker'!
Args: /dr_checker/drcheckerdeps/llvm/build/bin/opt -analyze -debug -load /dockershare/gitrepo/helper_scripts/../llvm_analysis/MainAnalysisPasses/build_dir/SoundyAliasAnalysis/libSoundyAliasAnalysis.so -dr_checker -toCheckFunction=pipe_inode_gettype -functionType=NEWTYPE -skipInit=1 -outputFile=/dockershare/ucore_plus/dr_checker_out/pipe_inode_gettype.json -instrWarnOutput=/dockershare/ucore_plus/dr_checker_out/instr_warnings/pipe_inode_gettypeinstr_warngs.json /tmp/tmpuF2hK5 

Features:+64bit,+sse2
CPU:generic

Subtarget features: SSELevel 2, 3DNowLevel 0, 64bit 1
Provided Function Type:NEWTYPE, Function Name:pipe_inode_gettype
Starting Analyzing function:pipe_inode_gettype
[+] Writing output to:/dockershare/ucore_plus/dr_checker_out/pipe_inode_gettype.json
[+] Return message from file write:Success
[+] Writing Instr output to:/dockershare/ucore_plus/dr_checker_out/instr_warnings/pipe_inode_gettypeinstr_warngs.json
[+] Return message from file write:Success
Printing analysis 'Soundy Driver Checker':
Pass::print not implemented for pass: 'Soundy Driver Checker'!
