Args: /dr_checker/drcheckerdeps/llvm/build/bin/opt -analyze -debug -load /dockershare/gitrepo/helper_scripts/../llvm_analysis/MainAnalysisPasses/build_dir/SoundyAliasAnalysis/libSoundyAliasAnalysis.so -dr_checker -toCheckFunction=RR_proc_tick -functionType=NEWTYPE -skipInit=1 -outputFile=/dockershare/ucore_plus/dr_checker_out/RR_proc_tick.json -instrWarnOutput=/dockershare/ucore_plus/dr_checker_out/instr_warnings/RR_proc_tickinstr_warngs.json /tmp/tmpnIgbkk 

Features:+64bit,+sse2
CPU:generic

Subtarget features: SSELevel 2, 3DNowLevel 0, 64bit 1
Provided Function Type:NEWTYPE, Function Name:RR_proc_tick
????????????????????
Starting Analyzing function:RR_proc_tick
[+] Writing output to:/dockershare/ucore_plus/dr_checker_out/RR_proc_tick.json
[+] Return message from file write:Success
[+] Writing Instr output to:/dockershare/ucore_plus/dr_checker_out/instr_warnings/RR_proc_tickinstr_warngs.json
[+] Return message from file write:Success
Printing analysis 'Soundy Driver Checker':
Pass::print not implemented for pass: 'Soundy Driver Checker'!
Args: /dr_checker/drcheckerdeps/llvm/build/bin/opt -analyze -debug -load /dockershare/gitrepo/helper_scripts/../llvm_analysis/MainAnalysisPasses/build_dir/SoundyAliasAnalysis/libSoundyAliasAnalysis.so -dr_checker -toCheckFunction=RR_proc_tick -functionType=NEWTYPE -skipInit=1 -outputFile=/dockershare/ucore_plus/dr_checker_out/RR_proc_tick.json -instrWarnOutput=/dockershare/ucore_plus/dr_checker_out/instr_warnings/RR_proc_tickinstr_warngs.json /tmp/tmpPUiTQV 

Features:+64bit,+sse2
CPU:generic

Subtarget features: SSELevel 2, 3DNowLevel 0, 64bit 1
Provided Function Type:NEWTYPE, Function Name:RR_proc_tick
Starting Analyzing function:RR_proc_tick
[+] Writing output to:/dockershare/ucore_plus/dr_checker_out/RR_proc_tick.json
[+] Return message from file write:Success
[+] Writing Instr output to:/dockershare/ucore_plus/dr_checker_out/instr_warnings/RR_proc_tickinstr_warngs.json
[+] Return message from file write:Success
Printing analysis 'Soundy Driver Checker':
Pass::print not implemented for pass: 'Soundy Driver Checker'!
