Args: /dr_checker/drcheckerdeps/llvm/build/bin/opt -analyze -debug -load /dockershare/gitrepo/helper_scripts/../llvm_analysis/MainAnalysisPasses/build_dir/SoundyAliasAnalysis/libSoundyAliasAnalysis.so -dr_checker -toCheckFunction=yaffs_vop_reclaim -functionType=NEWTYPE -skipInit=1 -outputFile=/dockershare/ucore_plus/dr_checker_out/yaffs_vop_reclaim.json -instrWarnOutput=/dockershare/ucore_plus/dr_checker_out/instr_warnings/yaffs_vop_reclaiminstr_warngs.json /tmp/tmpOVdDOH 

Features:+64bit,+sse2
CPU:generic

Subtarget features: SSELevel 2, 3DNowLevel 0, 64bit 1
Provided Function Type:NEWTYPE, Function Name:yaffs_vop_reclaim
????????????????????
Starting Analyzing function:yaffs_vop_reclaim
MAX CALL SITE DEPTH REACHED, IGNORING:llvm.dbg.value
MAX CALL SITE DEPTH REACHED, IGNORING:llvm.dbg.value
MAX CALL SITE DEPTH REACHED, IGNORING:llvm.dbg.value
MAX CALL SITE DEPTH REACHED, IGNORING:llvm.dbg.value
MAX CALL SITE DEPTH REACHED, IGNORING:llvm.dbg.value
MAX CALL SITE DEPTH REACHED, IGNORING:llvm.dbg.value
MAX CALL SITE DEPTH REACHED, IGNORING:llvm.dbg.value
MAX CALL SITE DEPTH REACHED, IGNORING:llvm.dbg.value
MAX CALL SITE DEPTH REACHED, IGNORING:llvm.dbg.value
MAX CALL SITE DEPTH REACHED, IGNORING:llvm.dbg.value
MAX CALL SITE DEPTH REACHED, IGNORING:llvm.dbg.value
MAX CALL SITE DEPTH REACHED, IGNORING:llvm.dbg.value
MAX CALL SITE DEPTH REACHED, IGNORING:llvm.dbg.value
MAX CALL SITE DEPTH REACHED, IGNORING:printnum
MAX CALL SITE DEPTH REACHED, IGNORING:llvm.dbg.value
MAX CALL SITE DEPTH REACHED, IGNORING:llvm.dbg.value
MAX CALL SITE DEPTH REACHED, IGNORING:llvm.dbg.value
MAX CALL SITE DEPTH REACHED, IGNORING:llvm.dbg.value
MAX CALL SITE DEPTH REACHED, IGNORING:llvm.dbg.value
MAX CALL SITE DEPTH REACHED, IGNORING:llvm.dbg.value
MAX CALL SITE DEPTH REACHED, IGNORING:llvm.dbg.value
MAX CALL SITE DEPTH REACHED, IGNORING:llvm.dbg.value
MAX CALL SITE DEPTH REACHED, IGNORING:llvm.dbg.value
MAX CALL SITE DEPTH REACHED, IGNORING:llvm.dbg.declare
MAX CALL SITE DEPTH REACHED, IGNORING:llvm.va_start
MAX CALL SITE DEPTH REACHED, IGNORING:vprintfmt
MAX CALL SITE DEPTH REACHED, IGNORING:llvm.dbg.value
MAX CALL SITE DEPTH REACHED, IGNORING:llvm.dbg.value
MAX CALL SITE DEPTH REACHED, IGNORING:llvm.dbg.value
MAX CALL SITE DEPTH REACHED, IGNORING:llvm.dbg.value
MAX CALL SITE DEPTH REACHED, IGNORING:llvm.dbg.declare
MAX CALL SITE DEPTH REACHED, IGNORING:llvm.va_start
MAX CALL SITE DEPTH REACHED, IGNORING:vprintfmt
MAX CALL SITE DEPTH REACHED, IGNORING:llvm.dbg.value
MAX CALL SITE DEPTH REACHED, IGNORING:llvm.dbg.value
MAX CALL SITE DEPTH REACHED, IGNORING:llvm.dbg.value
MAX CALL SITE DEPTH REACHED, IGNORING:llvm.dbg.declare
MAX CALL SITE DEPTH REACHED, IGNORING:llvm.va_start
MAX CALL SITE DEPTH REACHED, IGNORING:vkprintf
MAX CALL SITE DEPTH REACHED, IGNORING:kprintf
MAX CALL SITE DEPTH REACHED, IGNORING:intr_disable
MAX CALL SITE DEPTH REACHED, IGNORING:monitor
MAX CALL SITE DEPTH REACHED, IGNORING:llvm.dbg.value
MAX CALL SITE DEPTH REACHED, IGNORING:llvm.dbg.value
MAX CALL SITE DEPTH REACHED, IGNORING:llvm.dbg.value
MAX CALL SITE DEPTH REACHED, IGNORING:llvm.dbg.value
MAX CALL SITE DEPTH REACHED, IGNORING:llvm.dbg.value
MAX CALL SITE DEPTH REACHED, IGNORING:llvm.dbg.value
MAX CALL SITE DEPTH REACHED, IGNORING:llvm.dbg.value
MAX CALL SITE DEPTH REACHED, IGNORING:llvm.dbg.value
MAX CALL SITE DEPTH REACHED, IGNORING:llvm.dbg.value
MAX CALL SITE DEPTH REACHED, IGNORING:llvm.dbg.value
MAX CALL SITE DEPTH REACHED, IGNORING:llvm.dbg.value
MAX CALL SITE DEPTH REACHED, IGNORING:llvm.dbg.value
MAX CALL SITE DEPTH REACHED, IGNORING:llvm.dbg.value
MAX CALL SITE DEPTH REACHED, IGNORING:llvm.dbg.value
MAX CALL SITE DEPTH REACHED, IGNORING:llvm.dbg.value
MAX CALL SITE DEPTH REACHED, IGNORING:llvm.dbg.value
MAX CALL SITE DEPTH REACHED, IGNORING:llvm.dbg.value
MAX CALL SITE DEPTH REACHED, IGNORING:llvm.dbg.value
MAX CALL SITE DEPTH REACHED, IGNORING:llvm.dbg.value
MAX CALL SITE DEPTH REACHED, IGNORING:llvm.dbg.value
MAX CALL SITE DEPTH REACHED, IGNORING:llvm.dbg.value
MAX CALL SITE DEPTH REACHED, IGNORING:llvm.dbg.value
MAX CALL SITE DEPTH REACHED, IGNORING:llvm.dbg.value
MAX CALL SITE DEPTH REACHED, IGNORING:llvm.dbg.value
MAX CALL SITE DEPTH REACHED, IGNORING:llvm.dbg.value
MAX CALL SITE DEPTH REACHED, IGNORING:llvm.dbg.value
MAX CALL SITE DEPTH REACHED, IGNORING:printnum
MAX CALL SITE DEPTH REACHED, IGNORING:llvm.dbg.value
MAX CALL SITE DEPTH REACHED, IGNORING:llvm.dbg.value
MAX CALL SITE DEPTH REACHED, IGNORING:llvm.dbg.value
MAX CALL SITE DEPTH REACHED, IGNORING:llvm.dbg.value
MAX CALL SITE DEPTH REACHED, IGNORING:llvm.dbg.value
MAX CALL SITE DEPTH REACHED, IGNORING:llvm.dbg.value
MAX CALL SITE DEPTH REACHED, IGNORING:llvm.dbg.value
MAX CALL SITE DEPTH REACHED, IGNORING:llvm.dbg.value
MAX CALL SITE DEPTH REACHED, IGNORING:llvm.dbg.value
MAX CALL SITE DEPTH REACHED, IGNORING:strnlen
MAX CALL SITE DEPTH REACHED, IGNORING:llvm.dbg.value
MAX CALL SITE DEPTH REACHED, IGNORING:llvm.dbg.value
MAX CALL SITE DEPTH REACHED, IGNORING:llvm.dbg.value
MAX CALL SITE DEPTH REACHED, IGNORING:llvm.dbg.value
MAX CALL SITE DEPTH REACHED, IGNORING:printfmt
MAX CALL SITE DEPTH REACHED, IGNORING:llvm.dbg.value
MAX CALL SITE DEPTH REACHED, IGNORING:llvm.dbg.value
MAX CALL SITE DEPTH REACHED, IGNORING:llvm.dbg.value
MAX CALL SITE DEPTH REACHED, IGNORING:llvm.dbg.value
MAX CALL SITE DEPTH REACHED, IGNORING:llvm.dbg.value
MAX CALL SITE DEPTH REACHED, IGNORING:llvm.dbg.value
MAX CALL SITE DEPTH REACHED, IGNORING:llvm.dbg.value
MAX CALL SITE DEPTH REACHED, IGNORING:llvm.dbg.value
MAX CALL SITE DEPTH REACHED, IGNORING:llvm.dbg.value
MAX CALL SITE DEPTH REACHED, IGNORING:llvm.dbg.value
MAX CALL SITE DEPTH REACHED, IGNORING:llvm.dbg.value
MAX CALL SITE DEPTH REACHED, IGNORING:llvm.dbg.value
MAX CALL SITE DEPTH REACHED, IGNORING:llvm.dbg.value
MAX CALL SITE DEPTH REACHED, IGNORING:llvm.dbg.value
MAX CALL SITE DEPTH REACHED, IGNORING:llvm.dbg.value
MAX CALL SITE DEPTH REACHED, IGNORING:llvm.dbg.value
MAX CALL SITE DEPTH REACHED, IGNORING:llvm.dbg.value
MAX CALL SITE DEPTH REACHED, IGNORING:llvm.dbg.value
MAX CALL SITE DEPTH REACHED, IGNORING:llvm.dbg.value
MAX CALL SITE DEPTH REACHED, IGNORING:llvm.dbg.value
MAX CALL SITE DEPTH REACHED, IGNORING:llvm.dbg.value
MAX CALL SITE DEPTH REACHED, IGNORING:llvm.dbg.value
MAX CALL SITE DEPTH REACHED, IGNORING:llvm.dbg.value
MAX CALL SITE DEPTH REACHED, IGNORING:llvm.dbg.value
MAX CALL SITE DEPTH REACHED, IGNORING:llvm.dbg.value
MAX CALL SITE DEPTH REACHED, IGNORING:llvm.dbg.value
MAX CALL SITE DEPTH REACHED, IGNORING:llvm.dbg.value
MAX CALL SITE DEPTH REACHED, IGNORING:llvm.dbg.value
MAX CALL SITE DEPTH REACHED, IGNORING:llvm.dbg.value
MAX CALL SITE DEPTH REACHED, IGNORING:llvm.dbg.value
MAX CALL SITE DEPTH REACHED, IGNORING:llvm.dbg.value
MAX CALL SITE DEPTH REACHED, IGNORING:llvm.dbg.value
MAX CALL SITE DEPTH REACHED, IGNORING:llvm.dbg.value
MAX CALL SITE DEPTH REACHED, IGNORING:llvm.dbg.value
MAX CALL SITE DEPTH REACHED, IGNORING:llvm.dbg.value
MAX CALL SITE DEPTH REACHED, IGNORING:llvm.dbg.value
MAX CALL SITE DEPTH REACHED, IGNORING:llvm.dbg.value
MAX CALL SITE DEPTH REACHED, IGNORING:llvm.dbg.value
MAX CALL SITE DEPTH REACHED, IGNORING:printnum
MAX CALL SITE DEPTH REACHED, IGNORING:llvm.dbg.value
MAX CALL SITE DEPTH REACHED, IGNORING:llvm.dbg.value
MAX CALL SITE DEPTH REACHED, IGNORING:llvm.dbg.value
MAX CALL SITE DEPTH REACHED, IGNORING:llvm.dbg.value
MAX CALL SITE DEPTH REACHED, IGNORING:llvm.dbg.value
MAX CALL SITE DEPTH REACHED, IGNORING:llvm.dbg.value
MAX CALL SITE DEPTH REACHED, IGNORING:llvm.dbg.value
MAX CALL SITE DEPTH REACHED, IGNORING:llvm.dbg.value
MAX CALL SITE DEPTH REACHED, IGNORING:llvm.dbg.value
MAX CALL SITE DEPTH REACHED, IGNORING:strnlen
MAX CALL SITE DEPTH REACHED, IGNORING:llvm.dbg.value
MAX CALL SITE DEPTH REACHED, IGNORING:llvm.dbg.value
MAX CALL SITE DEPTH REACHED, IGNORING:llvm.dbg.value
MAX CALL SITE DEPTH REACHED, IGNORING:printfmt
MAX CALL SITE DEPTH REACHED, IGNORING:llvm.dbg.value
MAX CALL SITE DEPTH REACHED, IGNORING:llvm.dbg.value
MAX CALL SITE DEPTH REACHED, IGNORING:llvm.dbg.value
MAX CALL SITE DEPTH REACHED, IGNORING:llvm.dbg.value
MAX CALL SITE DEPTH REACHED, IGNORING:llvm.dbg.value
MAX CALL SITE DEPTH REACHED, IGNORING:llvm.dbg.value
MAX CALL SITE DEPTH REACHED, IGNORING:llvm.dbg.value
MAX CALL SITE DEPTH REACHED, IGNORING:llvm.dbg.value
MAX CALL SITE DEPTH REACHED, IGNORING:llvm.dbg.value
MAX CALL SITE DEPTH REACHED, IGNORING:llvm.dbg.value
MAX CALL SITE DEPTH REACHED, IGNORING:llvm.dbg.value
MAX CALL SITE DEPTH REACHED, IGNORING:llvm.dbg.value
MAX CALL SITE DEPTH REACHED, IGNORING:llvm.dbg.value
MAX CALL SITE DEPTH REACHED, IGNORING:llvm.dbg.value
MAX CALL SITE DEPTH REACHED, IGNORING:llvm.dbg.value
MAX CALL SITE DEPTH REACHED, IGNORING:llvm.dbg.value
MAX CALL SITE DEPTH REACHED, IGNORING:llvm.dbg.value
MAX CALL SITE DEPTH REACHED, IGNORING:llvm.dbg.value
MAX CALL SITE DEPTH REACHED, IGNORING:llvm.dbg.value
MAX CALL SITE DEPTH REACHED, IGNORING:llvm.dbg.value
MAX CALL SITE DEPTH REACHED, IGNORING:llvm.dbg.value
MAX CALL SITE DEPTH REACHED, IGNORING:llvm.dbg.value
MAX CALL SITE DEPTH REACHED, IGNORING:llvm.dbg.value
MAX CALL SITE DEPTH REACHED, IGNORING:llvm.dbg.value
MAX CALL SITE DEPTH REACHED, IGNORING:llvm.dbg.value
MAX CALL SITE DEPTH REACHED, IGNORING:llvm.dbg.value
MAX CALL SITE DEPTH REACHED, IGNORING:llvm.dbg.value
MAX CALL SITE DEPTH REACHED, IGNORING:llvm.dbg.declare
MAX CALL SITE DEPTH REACHED, IGNORING:llvm.va_start
MAX CALL SITE DEPTH REACHED, IGNORING:vkprintf
MAX CALL SITE DEPTH REACHED, IGNORING:llvm.dbg.value
MAX CALL SITE DEPTH REACHED, IGNORING:llvm.dbg.value
MAX CALL SITE DEPTH REACHED, IGNORING:llvm.dbg.declare
MAX CALL SITE DEPTH REACHED, IGNORING:llvm.va_start
MAX CALL SITE DEPTH REACHED, IGNORING:vkprintf
MAX CALL SITE DEPTH REACHED, IGNORING:llvm.dbg.value
MAX CALL SITE DEPTH REACHED, IGNORING:llvm.dbg.value
MAX CALL SITE DEPTH REACHED, IGNORING:llvm.dbg.value
MAX CALL SITE DEPTH REACHED, IGNORING:llvm.dbg.value
MAX CALL SITE DEPTH REACHED, IGNORING:llvm.dbg.value
MAX CALL SITE DEPTH REACHED, IGNORING:llvm.dbg.value
MAX CALL SITE DEPTH REACHED, IGNORING:llvm.dbg.value
MAX CALL SITE DEPTH REACHED, IGNORING:llvm.dbg.value
MAX CALL SITE DEPTH REACHED, IGNORING:llvm.dbg.value
MAX CALL SITE DEPTH REACHED, IGNORING:llvm.dbg.value
MAX CALL SITE DEPTH REACHED, IGNORING:llvm.dbg.value
MAX CALL SITE DEPTH REACHED, IGNORING:llvm.dbg.value
MAX CALL SITE DEPTH REACHED, IGNORING:llvm.dbg.value
MAX CALL SITE DEPTH REACHED, IGNORING:llvm.dbg.value
MAX CALL SITE DEPTH REACHED, IGNORING:printnum
MAX CALL SITE DEPTH REACHED, IGNORING:llvm.dbg.value
MAX CALL SITE DEPTH REACHED, IGNORING:llvm.dbg.value
MAX CALL SITE DEPTH REACHED, IGNORING:llvm.dbg.value
MAX CALL SITE DEPTH REACHED, IGNORING:llvm.dbg.value
MAX CALL SITE DEPTH REACHED, IGNORING:llvm.dbg.value
MAX CALL SITE DEPTH REACHED, IGNORING:llvm.dbg.value
MAX CALL SITE DEPTH REACHED, IGNORING:llvm.dbg.value
MAX CALL SITE DEPTH REACHED, IGNORING:llvm.dbg.value
MAX CALL SITE DEPTH REACHED, IGNORING:llvm.dbg.value
MAX CALL SITE DEPTH REACHED, IGNORING:llvm.dbg.declare
MAX CALL SITE DEPTH REACHED, IGNORING:llvm.va_start
MAX CALL SITE DEPTH REACHED, IGNORING:vprintfmt
MAX CALL SITE DEPTH REACHED, IGNORING:llvm.dbg.value
MAX CALL SITE DEPTH REACHED, IGNORING:llvm.dbg.value
MAX CALL SITE DEPTH REACHED, IGNORING:llvm.dbg.value
MAX CALL SITE DEPTH REACHED, IGNORING:llvm.dbg.value
MAX CALL SITE DEPTH REACHED, IGNORING:llvm.dbg.declare
MAX CALL SITE DEPTH REACHED, IGNORING:llvm.va_start
MAX CALL SITE DEPTH REACHED, IGNORING:vprintfmt
MAX CALL SITE DEPTH REACHED, IGNORING:llvm.dbg.value
MAX CALL SITE DEPTH REACHED, IGNORING:llvm.dbg.value
MAX CALL SITE DEPTH REACHED, IGNORING:llvm.dbg.value
MAX CALL SITE DEPTH REACHED, IGNORING:llvm.dbg.declare
MAX CALL SITE DEPTH REACHED, IGNORING:llvm.va_start
MAX CALL SITE DEPTH REACHED, IGNORING:kprintf
MAX CALL SITE DEPTH REACHED, IGNORING:vkprintf
MAX CALL SITE DEPTH REACHED, IGNORING:intr_disable
MAX CALL SITE DEPTH REACHED, IGNORING:monitor
MAX CALL SITE DEPTH REACHED, IGNORING:llvm.dbg.value
MAX CALL SITE DEPTH REACHED, IGNORING:llvm.dbg.value
MAX CALL SITE DEPTH REACHED, IGNORING:llvm.dbg.value
MAX CALL SITE DEPTH REACHED, IGNORING:llvm.dbg.value
MAX CALL SITE DEPTH REACHED, IGNORING:llvm.dbg.value
MAX CALL SITE DEPTH REACHED, IGNORING:llvm.dbg.value
MAX CALL SITE DEPTH REACHED, IGNORING:llvm.dbg.value
MAX CALL SITE DEPTH REACHED, IGNORING:llvm.dbg.value
MAX CALL SITE DEPTH REACHED, IGNORING:llvm.dbg.value
MAX CALL SITE DEPTH REACHED, IGNORING:llvm.dbg.value
MAX CALL SITE DEPTH REACHED, IGNORING:llvm.dbg.value
MAX CALL SITE DEPTH REACHED, IGNORING:llvm.dbg.value
MAX CALL SITE DEPTH REACHED, IGNORING:llvm.dbg.value
MAX CALL SITE DEPTH REACHED, IGNORING:llvm.dbg.value
MAX CALL SITE DEPTH REACHED, IGNORING:llvm.dbg.value
MAX CALL SITE DEPTH REACHED, IGNORING:llvm.dbg.value
MAX CALL SITE DEPTH REACHED, IGNORING:llvm.dbg.value
MAX CALL SITE DEPTH REACHED, IGNORING:llvm.dbg.value
MAX CALL SITE DEPTH REACHED, IGNORING:llvm.dbg.value
MAX CALL SITE DEPTH REACHED, IGNORING:llvm.dbg.value
MAX CALL SITE DEPTH REACHED, IGNORING:llvm.dbg.value
MAX CALL SITE DEPTH REACHED, IGNORING:llvm.dbg.value
MAX CALL SITE DEPTH REACHED, IGNORING:llvm.dbg.value
MAX CALL SITE DEPTH REACHED, IGNORING:llvm.dbg.value
MAX CALL SITE DEPTH REACHED, IGNORING:llvm.dbg.value
MAX CALL SITE DEPTH REACHED, IGNORING:llvm.dbg.value
MAX CALL SITE DEPTH REACHED, IGNORING:printnum
MAX CALL SITE DEPTH REACHED, IGNORING:llvm.dbg.value
MAX CALL SITE DEPTH REACHED, IGNORING:llvm.dbg.value
MAX CALL SITE DEPTH REACHED, IGNORING:llvm.dbg.value
MAX CALL SITE DEPTH REACHED, IGNORING:llvm.dbg.value
MAX CALL SITE DEPTH REACHED, IGNORING:llvm.dbg.value
MAX CALL SITE DEPTH REACHED, IGNORING:llvm.dbg.value
MAX CALL SITE DEPTH REACHED, IGNORING:llvm.dbg.value
MAX CALL SITE DEPTH REACHED, IGNORING:llvm.dbg.value
MAX CALL SITE DEPTH REACHED, IGNORING:llvm.dbg.value
MAX CALL SITE DEPTH REACHED, IGNORING:strnlen
MAX CALL SITE DEPTH REACHED, IGNORING:llvm.dbg.value
MAX CALL SITE DEPTH REACHED, IGNORING:llvm.dbg.value
MAX CALL SITE DEPTH REACHED, IGNORING:llvm.dbg.value
MAX CALL SITE DEPTH REACHED, IGNORING:llvm.dbg.value
MAX CALL SITE DEPTH REACHED, IGNORING:printfmt
MAX CALL SITE DEPTH REACHED, IGNORING:llvm.dbg.value
MAX CALL SITE DEPTH REACHED, IGNORING:llvm.dbg.value
MAX CALL SITE DEPTH REACHED, IGNORING:llvm.dbg.value
MAX CALL SITE DEPTH REACHED, IGNORING:llvm.dbg.value
MAX CALL SITE DEPTH REACHED, IGNORING:llvm.dbg.value
MAX CALL SITE DEPTH REACHED, IGNORING:llvm.dbg.value
MAX CALL SITE DEPTH REACHED, IGNORING:llvm.dbg.value
MAX CALL SITE DEPTH REACHED, IGNORING:llvm.dbg.value
MAX CALL SITE DEPTH REACHED, IGNORING:llvm.dbg.value
MAX CALL SITE DEPTH REACHED, IGNORING:llvm.dbg.value
MAX CALL SITE DEPTH REACHED, IGNORING:llvm.dbg.value
MAX CALL SITE DEPTH REACHED, IGNORING:llvm.dbg.value
MAX CALL SITE DEPTH REACHED, IGNORING:llvm.dbg.value
MAX CALL SITE DEPTH REACHED, IGNORING:llvm.dbg.value
MAX CALL SITE DEPTH REACHED, IGNORING:llvm.dbg.value
MAX CALL SITE DEPTH REACHED, IGNORING:llvm.dbg.value
MAX CALL SITE DEPTH REACHED, IGNORING:llvm.dbg.value
MAX CALL SITE DEPTH REACHED, IGNORING:llvm.dbg.value
MAX CALL SITE DEPTH REACHED, IGNORING:llvm.dbg.value
MAX CALL SITE DEPTH REACHED, IGNORING:llvm.dbg.value
MAX CALL SITE DEPTH REACHED, IGNORING:llvm.dbg.value
MAX CALL SITE DEPTH REACHED, IGNORING:llvm.dbg.value
MAX CALL SITE DEPTH REACHED, IGNORING:llvm.dbg.value
MAX CALL SITE DEPTH REACHED, IGNORING:llvm.dbg.value
MAX CALL SITE DEPTH REACHED, IGNORING:llvm.dbg.value
MAX CALL SITE DEPTH REACHED, IGNORING:llvm.dbg.value
MAX CALL SITE DEPTH REACHED, IGNORING:llvm.dbg.value
MAX CALL SITE DEPTH REACHED, IGNORING:llvm.dbg.value
MAX CALL SITE DEPTH REACHED, IGNORING:llvm.dbg.value
MAX CALL SITE DEPTH REACHED, IGNORING:llvm.dbg.value
MAX CALL SITE DEPTH REACHED, IGNORING:llvm.dbg.value
MAX CALL SITE DEPTH REACHED, IGNORING:llvm.dbg.value
MAX CALL SITE DEPTH REACHED, IGNORING:llvm.dbg.value
MAX CALL SITE DEPTH REACHED, IGNORING:llvm.dbg.value
MAX CALL SITE DEPTH REACHED, IGNORING:llvm.dbg.value
MAX CALL SITE DEPTH REACHED, IGNORING:llvm.dbg.value
MAX CALL SITE DEPTH REACHED, IGNORING:llvm.dbg.value
MAX CALL SITE DEPTH REACHED, IGNORING:llvm.dbg.value
MAX CALL SITE DEPTH REACHED, IGNORING:printnum
MAX CALL SITE DEPTH REACHED, IGNORING:llvm.dbg.value
MAX CALL SITE DEPTH REACHED, IGNORING:llvm.dbg.value
MAX CALL SITE DEPTH REACHED, IGNORING:llvm.dbg.value
MAX CALL SITE DEPTH REACHED, IGNORING:llvm.dbg.value
MAX CALL SITE DEPTH REACHED, IGNORING:llvm.dbg.value
MAX CALL SITE DEPTH REACHED, IGNORING:llvm.dbg.value
MAX CALL SITE DEPTH REACHED, IGNORING:llvm.dbg.value
MAX CALL SITE DEPTH REACHED, IGNORING:llvm.dbg.value
MAX CALL SITE DEPTH REACHED, IGNORING:llvm.dbg.value
MAX CALL SITE DEPTH REACHED, IGNORING:strnlen
MAX CALL SITE DEPTH REACHED, IGNORING:llvm.dbg.value
MAX CALL SITE DEPTH REACHED, IGNORING:llvm.dbg.value
MAX CALL SITE DEPTH REACHED, IGNORING:llvm.dbg.value
MAX CALL SITE DEPTH REACHED, IGNORING:printfmt
MAX CALL SITE DEPTH REACHED, IGNORING:llvm.dbg.value
MAX CALL SITE DEPTH REACHED, IGNORING:llvm.dbg.value
MAX CALL SITE DEPTH REACHED, IGNORING:llvm.dbg.value
MAX CALL SITE DEPTH REACHED, IGNORING:llvm.dbg.value
MAX CALL SITE DEPTH REACHED, IGNORING:llvm.dbg.value
MAX CALL SITE DEPTH REACHED, IGNORING:llvm.dbg.value
MAX CALL SITE DEPTH REACHED, IGNORING:llvm.dbg.value
MAX CALL SITE DEPTH REACHED, IGNORING:llvm.dbg.value
MAX CALL SITE DEPTH REACHED, IGNORING:llvm.dbg.value
MAX CALL SITE DEPTH REACHED, IGNORING:llvm.dbg.value
MAX CALL SITE DEPTH REACHED, IGNORING:llvm.dbg.value
MAX CALL SITE DEPTH REACHED, IGNORING:llvm.dbg.value
MAX CALL SITE DEPTH REACHED, IGNORING:llvm.dbg.value
MAX CALL SITE DEPTH REACHED, IGNORING:llvm.dbg.value
MAX CALL SITE DEPTH REACHED, IGNORING:llvm.dbg.value
MAX CALL SITE DEPTH REACHED, IGNORING:llvm.dbg.value
MAX CALL SITE DEPTH REACHED, IGNORING:llvm.dbg.value
MAX CALL SITE DEPTH REACHED, IGNORING:llvm.dbg.value
MAX CALL SITE DEPTH REACHED, IGNORING:llvm.dbg.value
MAX CALL SITE DEPTH REACHED, IGNORING:llvm.dbg.value
MAX CALL SITE DEPTH REACHED, IGNORING:llvm.dbg.value
MAX CALL SITE DEPTH REACHED, IGNORING:llvm.dbg.value
MAX CALL SITE DEPTH REACHED, IGNORING:llvm.dbg.value
MAX CALL SITE DEPTH REACHED, IGNORING:llvm.dbg.value
MAX CALL SITE DEPTH REACHED, IGNORING:llvm.dbg.value
MAX CALL SITE DEPTH REACHED, IGNORING:llvm.dbg.value
MAX CALL SITE DEPTH REACHED, IGNORING:llvm.dbg.value
MAX CALL SITE DEPTH REACHED, IGNORING:llvm.dbg.declare
MAX CALL SITE DEPTH REACHED, IGNORING:llvm.va_start
MAX CALL SITE DEPTH REACHED, IGNORING:llvm.dbg.value
MAX CALL SITE DEPTH REACHED, IGNORING:llvm.dbg.value
MAX CALL SITE DEPTH REACHED, IGNORING:llvm.dbg.value
MAX CALL SITE DEPTH REACHED, IGNORING:llvm.dbg.declare
MAX CALL SITE DEPTH REACHED, IGNORING:llvm.dbg.value
MAX CALL SITE DEPTH REACHED, IGNORING:llvm.dbg.value
MAX CALL SITE DEPTH REACHED, IGNORING:spinlock_acquire
MAX CALL SITE DEPTH REACHED, IGNORING:vprintfmt
MAX CALL SITE DEPTH REACHED, IGNORING:llvm.dbg.value
MAX CALL SITE DEPTH REACHED, IGNORING:llvm.dbg.declare
MAX CALL SITE DEPTH REACHED, IGNORING:llvm.va_start
MAX CALL SITE DEPTH REACHED, IGNORING:llvm.dbg.value
MAX CALL SITE DEPTH REACHED, IGNORING:llvm.dbg.value
MAX CALL SITE DEPTH REACHED, IGNORING:nop_pause
MAX CALL SITE DEPTH REACHED, IGNORING:llvm.dbg.value
MAX CALL SITE DEPTH REACHED, IGNORING:llvm.dbg.value
MAX CALL SITE DEPTH REACHED, IGNORING:llvm.dbg.value
MAX CALL SITE DEPTH REACHED, IGNORING:llvm.dbg.value
MAX CALL SITE DEPTH REACHED, IGNORING:llvm.dbg.value
MAX CALL SITE DEPTH REACHED, IGNORING:llvm.dbg.value
MAX CALL SITE DEPTH REACHED, IGNORING:llvm.dbg.value
MAX CALL SITE DEPTH REACHED, IGNORING:llvm.dbg.value
MAX CALL SITE DEPTH REACHED, IGNORING:llvm.dbg.value
MAX CALL SITE DEPTH REACHED, IGNORING:llvm.dbg.value
MAX CALL SITE DEPTH REACHED, IGNORING:llvm.dbg.value
MAX CALL SITE DEPTH REACHED, IGNORING:llvm.dbg.value
MAX CALL SITE DEPTH REACHED, IGNORING:llvm.dbg.value
MAX CALL SITE DEPTH REACHED, IGNORING:printnum
MAX CALL SITE DEPTH REACHED, IGNORING:llvm.dbg.value
MAX CALL SITE DEPTH REACHED, IGNORING:llvm.dbg.value
MAX CALL SITE DEPTH REACHED, IGNORING:llvm.dbg.value
MAX CALL SITE DEPTH REACHED, IGNORING:llvm.dbg.value
MAX CALL SITE DEPTH REACHED, IGNORING:llvm.dbg.value
MAX CALL SITE DEPTH REACHED, IGNORING:llvm.dbg.value
MAX CALL SITE DEPTH REACHED, IGNORING:llvm.dbg.value
MAX CALL SITE DEPTH REACHED, IGNORING:llvm.dbg.value
MAX CALL SITE DEPTH REACHED, IGNORING:llvm.dbg.value
MAX CALL SITE DEPTH REACHED, IGNORING:strnlen
MAX CALL SITE DEPTH REACHED, IGNORING:llvm.dbg.value
MAX CALL SITE DEPTH REACHED, IGNORING:llvm.dbg.value
MAX CALL SITE DEPTH REACHED, IGNORING:llvm.dbg.value
MAX CALL SITE DEPTH REACHED, IGNORING:printfmt
MAX CALL SITE DEPTH REACHED, IGNORING:llvm.dbg.value
MAX CALL SITE DEPTH REACHED, IGNORING:printfmt
MAX CALL SITE DEPTH REACHED, IGNORING:llvm.dbg.value
MAX CALL SITE DEPTH REACHED, IGNORING:llvm.dbg.value
MAX CALL SITE DEPTH REACHED, IGNORING:llvm.dbg.value
MAX CALL SITE DEPTH REACHED, IGNORING:llvm.dbg.value
MAX CALL SITE DEPTH REACHED, IGNORING:llvm.dbg.value
MAX CALL SITE DEPTH REACHED, IGNORING:llvm.dbg.value
MAX CALL SITE DEPTH REACHED, IGNORING:llvm.dbg.value
MAX CALL SITE DEPTH REACHED, IGNORING:llvm.dbg.value
MAX CALL SITE DEPTH REACHED, IGNORING:llvm.dbg.value
MAX CALL SITE DEPTH REACHED, IGNORING:llvm.dbg.value
MAX CALL SITE DEPTH REACHED, IGNORING:llvm.dbg.value
MAX CALL SITE DEPTH REACHED, IGNORING:llvm.dbg.value
MAX CALL SITE DEPTH REACHED, IGNORING:llvm.dbg.value
MAX CALL SITE DEPTH REACHED, IGNORING:llvm.dbg.value
MAX CALL SITE DEPTH REACHED, IGNORING:llvm.dbg.value
MAX CALL SITE DEPTH REACHED, IGNORING:llvm.dbg.value
MAX CALL SITE DEPTH REACHED, IGNORING:llvm.dbg.value
MAX CALL SITE DEPTH REACHED, IGNORING:llvm.dbg.value
MAX CALL SITE DEPTH REACHED, IGNORING:llvm.dbg.value
MAX CALL SITE DEPTH REACHED, IGNORING:llvm.dbg.value
MAX CALL SITE DEPTH REACHED, IGNORING:llvm.dbg.value
MAX CALL SITE DEPTH REACHED, IGNORING:llvm.dbg.value
MAX CALL SITE DEPTH REACHED, IGNORING:llvm.dbg.value
MAX CALL SITE DEPTH REACHED, IGNORING:llvm.dbg.value
MAX CALL SITE DEPTH REACHED, IGNORING:llvm.dbg.value
MAX CALL SITE DEPTH REACHED, IGNORING:llvm.dbg.value
MAX CALL SITE DEPTH REACHED, IGNORING:__panic
MAX CALL SITE DEPTH REACHED, IGNORING:llvm.dbg.value
MAX CALL SITE DEPTH REACHED, IGNORING:llvm.dbg.value
MAX CALL SITE DEPTH REACHED, IGNORING:llvm.dbg.value
MAX CALL SITE DEPTH REACHED, IGNORING:llvm.dbg.value
MAX CALL SITE DEPTH REACHED, IGNORING:llvm.dbg.value
MAX CALL SITE DEPTH REACHED, IGNORING:llvm.dbg.value
MAX CALL SITE DEPTH REACHED, IGNORING:llvm.dbg.value
MAX CALL SITE DEPTH REACHED, IGNORING:llvm.dbg.value
MAX CALL SITE DEPTH REACHED, IGNORING:llvm.dbg.value
MAX CALL SITE DEPTH REACHED, IGNORING:llvm.dbg.value
MAX CALL SITE DEPTH REACHED, IGNORING:llvm.dbg.value
MAX CALL SITE DEPTH REACHED, IGNORING:llvm.dbg.value
MAX CALL SITE DEPTH REACHED, IGNORING:llvm.dbg.value
MAX CALL SITE DEPTH REACHED, IGNORING:printnum
MAX CALL SITE DEPTH REACHED, IGNORING:llvm.dbg.value
MAX CALL SITE DEPTH REACHED, IGNORING:llvm.dbg.value
MAX CALL SITE DEPTH REACHED, IGNORING:llvm.dbg.value
MAX CALL SITE DEPTH REACHED, IGNORING:llvm.dbg.value
MAX CALL SITE DEPTH REACHED, IGNORING:llvm.dbg.value
MAX CALL SITE DEPTH REACHED, IGNORING:llvm.dbg.value
MAX CALL SITE DEPTH REACHED, IGNORING:llvm.dbg.value
MAX CALL SITE DEPTH REACHED, IGNORING:llvm.dbg.value
MAX CALL SITE DEPTH REACHED, IGNORING:llvm.dbg.value
MAX CALL SITE DEPTH REACHED, IGNORING:llvm.dbg.declare
MAX CALL SITE DEPTH REACHED, IGNORING:llvm.va_start
MAX CALL SITE DEPTH REACHED, IGNORING:vprintfmt
MAX CALL SITE DEPTH REACHED, IGNORING:llvm.dbg.value
MAX CALL SITE DEPTH REACHED, IGNORING:llvm.dbg.value
MAX CALL SITE DEPTH REACHED, IGNORING:llvm.dbg.value
MAX CALL SITE DEPTH REACHED, IGNORING:llvm.dbg.value
MAX CALL SITE DEPTH REACHED, IGNORING:llvm.dbg.declare
MAX CALL SITE DEPTH REACHED, IGNORING:llvm.va_start
MAX CALL SITE DEPTH REACHED, IGNORING:vprintfmt
MAX CALL SITE DEPTH REACHED, IGNORING:llvm.dbg.value
MAX CALL SITE DEPTH REACHED, IGNORING:llvm.dbg.value
MAX CALL SITE DEPTH REACHED, IGNORING:llvm.dbg.value
MAX CALL SITE DEPTH REACHED, IGNORING:llvm.dbg.declare
MAX CALL SITE DEPTH REACHED, IGNORING:llvm.va_start
MAX CALL SITE DEPTH REACHED, IGNORING:kprintf
MAX CALL SITE DEPTH REACHED, IGNORING:kprintf
MAX CALL SITE DEPTH REACHED, IGNORING:intr_disable
MAX CALL SITE DEPTH REACHED, IGNORING:monitor
MAX CALL SITE DEPTH REACHED, IGNORING:llvm.dbg.value
MAX CALL SITE DEPTH REACHED, IGNORING:nop_pause
MAX CALL SITE DEPTH REACHED, IGNORING:llvm.dbg.value
MAX CALL SITE DEPTH REACHED, IGNORING:llvm.dbg.value
MAX CALL SITE DEPTH REACHED, IGNORING:llvm.dbg.value
MAX CALL SITE DEPTH REACHED, IGNORING:llvm.dbg.value
MAX CALL SITE DEPTH REACHED, IGNORING:llvm.dbg.value
MAX CALL SITE DEPTH REACHED, IGNORING:llvm.dbg.value
MAX CALL SITE DEPTH REACHED, IGNORING:llvm.dbg.value
MAX CALL SITE DEPTH REACHED, IGNORING:llvm.dbg.value
MAX CALL SITE DEPTH REACHED, IGNORING:llvm.dbg.value
MAX CALL SITE DEPTH REACHED, IGNORING:llvm.dbg.value
MAX CALL SITE DEPTH REACHED, IGNORING:llvm.dbg.value
MAX CALL SITE DEPTH REACHED, IGNORING:llvm.dbg.value
MAX CALL SITE DEPTH REACHED, IGNORING:llvm.dbg.value
MAX CALL SITE DEPTH REACHED, IGNORING:printnum
MAX CALL SITE DEPTH REACHED, IGNORING:llvm.dbg.value
MAX CALL SITE DEPTH REACHED, IGNORING:llvm.dbg.value
MAX CALL SITE DEPTH REACHED, IGNORING:llvm.dbg.value
MAX CALL SITE DEPTH REACHED, IGNORING:llvm.dbg.value
MAX CALL SITE DEPTH REACHED, IGNORING:llvm.dbg.value
MAX CALL SITE DEPTH REACHED, IGNORING:llvm.dbg.value
MAX CALL SITE DEPTH REACHED, IGNORING:llvm.dbg.value
MAX CALL SITE DEPTH REACHED, IGNORING:llvm.dbg.value
MAX CALL SITE DEPTH REACHED, IGNORING:llvm.dbg.value
MAX CALL SITE DEPTH REACHED, IGNORING:strnlen
MAX CALL SITE DEPTH REACHED, IGNORING:llvm.dbg.value
MAX CALL SITE DEPTH REACHED, IGNORING:llvm.dbg.value
MAX CALL SITE DEPTH REACHED, IGNORING:llvm.dbg.value
MAX CALL SITE DEPTH REACHED, IGNORING:printfmt
MAX CALL SITE DEPTH REACHED, IGNORING:llvm.dbg.value
MAX CALL SITE DEPTH REACHED, IGNORING:printfmt
MAX CALL SITE DEPTH REACHED, IGNORING:llvm.dbg.value
MAX CALL SITE DEPTH REACHED, IGNORING:llvm.dbg.value
MAX CALL SITE DEPTH REACHED, IGNORING:llvm.dbg.value
MAX CALL SITE DEPTH REACHED, IGNORING:llvm.dbg.value
MAX CALL SITE DEPTH REACHED, IGNORING:llvm.dbg.value
MAX CALL SITE DEPTH REACHED, IGNORING:llvm.dbg.value
MAX CALL SITE DEPTH REACHED, IGNORING:llvm.dbg.value
MAX CALL SITE DEPTH REACHED, IGNORING:llvm.dbg.value
MAX CALL SITE DEPTH REACHED, IGNORING:llvm.dbg.value
MAX CALL SITE DEPTH REACHED, IGNORING:llvm.dbg.value
MAX CALL SITE DEPTH REACHED, IGNORING:llvm.dbg.value
MAX CALL SITE DEPTH REACHED, IGNORING:llvm.dbg.value
MAX CALL SITE DEPTH REACHED, IGNORING:llvm.dbg.value
MAX CALL SITE DEPTH REACHED, IGNORING:llvm.dbg.value
MAX CALL SITE DEPTH REACHED, IGNORING:llvm.dbg.value
MAX CALL SITE DEPTH REACHED, IGNORING:llvm.dbg.value
MAX CALL SITE DEPTH REACHED, IGNORING:llvm.dbg.value
MAX CALL SITE DEPTH REACHED, IGNORING:llvm.dbg.value
MAX CALL SITE DEPTH REACHED, IGNORING:llvm.dbg.value
MAX CALL SITE DEPTH REACHED, IGNORING:llvm.dbg.value
MAX CALL SITE DEPTH REACHED, IGNORING:llvm.dbg.value
MAX CALL SITE DEPTH REACHED, IGNORING:llvm.dbg.value
MAX CALL SITE DEPTH REACHED, IGNORING:llvm.dbg.value
MAX CALL SITE DEPTH REACHED, IGNORING:llvm.dbg.value
MAX CALL SITE DEPTH REACHED, IGNORING:llvm.dbg.value
MAX CALL SITE DEPTH REACHED, IGNORING:llvm.dbg.value
MAX CALL SITE DEPTH REACHED, IGNORING:__panic
MAX CALL SITE DEPTH REACHED, IGNORING:llvm.dbg.value
MAX CALL SITE DEPTH REACHED, IGNORING:nop_pause
MAX CALL SITE DEPTH REACHED, IGNORING:llvm.dbg.value
MAX CALL SITE DEPTH REACHED, IGNORING:llvm.dbg.value
MAX CALL SITE DEPTH REACHED, IGNORING:llvm.dbg.value
MAX CALL SITE DEPTH REACHED, IGNORING:llvm.dbg.value
MAX CALL SITE DEPTH REACHED, IGNORING:llvm.dbg.value
MAX CALL SITE DEPTH REACHED, IGNORING:llvm.dbg.value
MAX CALL SITE DEPTH REACHED, IGNORING:llvm.dbg.value
MAX CALL SITE DEPTH REACHED, IGNORING:llvm.dbg.value
MAX CALL SITE DEPTH REACHED, IGNORING:llvm.dbg.value
MAX CALL SITE DEPTH REACHED, IGNORING:llvm.dbg.value
MAX CALL SITE DEPTH REACHED, IGNORING:llvm.dbg.value
MAX CALL SITE DEPTH REACHED, IGNORING:llvm.dbg.value
MAX CALL SITE DEPTH REACHED, IGNORING:llvm.dbg.value
MAX CALL SITE DEPTH REACHED, IGNORING:printnum
MAX CALL SITE DEPTH REACHED, IGNORING:llvm.dbg.value
MAX CALL SITE DEPTH REACHED, IGNORING:llvm.dbg.value
MAX CALL SITE DEPTH REACHED, IGNORING:llvm.dbg.value
MAX CALL SITE DEPTH REACHED, IGNORING:llvm.dbg.value
MAX CALL SITE DEPTH REACHED, IGNORING:llvm.dbg.value
MAX CALL SITE DEPTH REACHED, IGNORING:llvm.dbg.value
MAX CALL SITE DEPTH REACHED, IGNORING:llvm.dbg.value
MAX CALL SITE DEPTH REACHED, IGNORING:llvm.dbg.value
MAX CALL SITE DEPTH REACHED, IGNORING:llvm.dbg.value
MAX CALL SITE DEPTH REACHED, IGNORING:strnlen
MAX CALL SITE DEPTH REACHED, IGNORING:llvm.dbg.value
MAX CALL SITE DEPTH REACHED, IGNORING:llvm.dbg.value
MAX CALL SITE DEPTH REACHED, IGNORING:llvm.dbg.value
MAX CALL SITE DEPTH REACHED, IGNORING:printfmt
MAX CALL SITE DEPTH REACHED, IGNORING:llvm.dbg.value
MAX CALL SITE DEPTH REACHED, IGNORING:printfmt
MAX CALL SITE DEPTH REACHED, IGNORING:llvm.dbg.value
MAX CALL SITE DEPTH REACHED, IGNORING:llvm.dbg.value
MAX CALL SITE DEPTH REACHED, IGNORING:llvm.dbg.value
MAX CALL SITE DEPTH REACHED, IGNORING:llvm.dbg.value
MAX CALL SITE DEPTH REACHED, IGNORING:llvm.dbg.value
MAX CALL SITE DEPTH REACHED, IGNORING:llvm.dbg.value
MAX CALL SITE DEPTH REACHED, IGNORING:llvm.dbg.value
MAX CALL SITE DEPTH REACHED, IGNORING:llvm.dbg.value
MAX CALL SITE DEPTH REACHED, IGNORING:llvm.dbg.value
MAX CALL SITE DEPTH REACHED, IGNORING:llvm.dbg.value
MAX CALL SITE DEPTH REACHED, IGNORING:llvm.dbg.value
MAX CALL SITE DEPTH REACHED, IGNORING:llvm.dbg.value
MAX CALL SITE DEPTH REACHED, IGNORING:llvm.dbg.value
MAX CALL SITE DEPTH REACHED, IGNORING:llvm.dbg.value
MAX CALL SITE DEPTH REACHED, IGNORING:llvm.dbg.value
MAX CALL SITE DEPTH REACHED, IGNORING:llvm.dbg.value
MAX CALL SITE DEPTH REACHED, IGNORING:llvm.dbg.value
MAX CALL SITE DEPTH REACHED, IGNORING:llvm.dbg.value
MAX CALL SITE DEPTH REACHED, IGNORING:llvm.dbg.value
MAX CALL SITE DEPTH REACHED, IGNORING:llvm.dbg.value
MAX CALL SITE DEPTH REACHED, IGNORING:llvm.dbg.value
MAX CALL SITE DEPTH REACHED, IGNORING:llvm.dbg.value
MAX CALL SITE DEPTH REACHED, IGNORING:llvm.dbg.value
MAX CALL SITE DEPTH REACHED, IGNORING:llvm.dbg.value
MAX CALL SITE DEPTH REACHED, IGNORING:llvm.dbg.value
MAX CALL SITE DEPTH REACHED, IGNORING:llvm.dbg.value
MAX CALL SITE DEPTH REACHED, IGNORING:__panic
MAX CALL SITE DEPTH REACHED, IGNORING:llvm.dbg.value
MAX CALL SITE DEPTH REACHED, IGNORING:llvm.dbg.value
MAX CALL SITE DEPTH REACHED, IGNORING:llvm.dbg.value
MAX CALL SITE DEPTH REACHED, IGNORING:llvm.dbg.value
MAX CALL SITE DEPTH REACHED, IGNORING:llvm.dbg.value
MAX CALL SITE DEPTH REACHED, IGNORING:llvm.dbg.value
MAX CALL SITE DEPTH REACHED, IGNORING:llvm.dbg.value
MAX CALL SITE DEPTH REACHED, IGNORING:llvm.dbg.value
MAX CALL SITE DEPTH REACHED, IGNORING:llvm.dbg.value
MAX CALL SITE DEPTH REACHED, IGNORING:llvm.dbg.value
MAX CALL SITE DEPTH REACHED, IGNORING:llvm.dbg.value
MAX CALL SITE DEPTH REACHED, IGNORING:llvm.dbg.value
MAX CALL SITE DEPTH REACHED, IGNORING:llvm.dbg.value
MAX CALL SITE DEPTH REACHED, IGNORING:printnum
MAX CALL SITE DEPTH REACHED, IGNORING:llvm.dbg.value
MAX CALL SITE DEPTH REACHED, IGNORING:llvm.dbg.value
MAX CALL SITE DEPTH REACHED, IGNORING:llvm.dbg.value
MAX CALL SITE DEPTH REACHED, IGNORING:llvm.dbg.value
MAX CALL SITE DEPTH REACHED, IGNORING:llvm.dbg.value
MAX CALL SITE DEPTH REACHED, IGNORING:llvm.dbg.value
MAX CALL SITE DEPTH REACHED, IGNORING:llvm.dbg.value
MAX CALL SITE DEPTH REACHED, IGNORING:llvm.dbg.value
MAX CALL SITE DEPTH REACHED, IGNORING:llvm.dbg.value
MAX CALL SITE DEPTH REACHED, IGNORING:llvm.dbg.declare
MAX CALL SITE DEPTH REACHED, IGNORING:llvm.va_start
MAX CALL SITE DEPTH REACHED, IGNORING:vprintfmt
MAX CALL SITE DEPTH REACHED, IGNORING:llvm.dbg.value
MAX CALL SITE DEPTH REACHED, IGNORING:llvm.dbg.value
MAX CALL SITE DEPTH REACHED, IGNORING:llvm.dbg.value
MAX CALL SITE DEPTH REACHED, IGNORING:llvm.dbg.value
MAX CALL SITE DEPTH REACHED, IGNORING:llvm.dbg.declare
MAX CALL SITE DEPTH REACHED, IGNORING:llvm.va_start
MAX CALL SITE DEPTH REACHED, IGNORING:vprintfmt
MAX CALL SITE DEPTH REACHED, IGNORING:llvm.dbg.value
MAX CALL SITE DEPTH REACHED, IGNORING:llvm.dbg.value
MAX CALL SITE DEPTH REACHED, IGNORING:llvm.dbg.value
MAX CALL SITE DEPTH REACHED, IGNORING:llvm.dbg.declare
MAX CALL SITE DEPTH REACHED, IGNORING:llvm.va_start
MAX CALL SITE DEPTH REACHED, IGNORING:kprintf
MAX CALL SITE DEPTH REACHED, IGNORING:kprintf
MAX CALL SITE DEPTH REACHED, IGNORING:intr_disable
MAX CALL SITE DEPTH REACHED, IGNORING:monitor
MAX CALL SITE DEPTH REACHED, IGNORING:llvm.dbg.value
MAX CALL SITE DEPTH REACHED, IGNORING:nop_pause
MAX CALL SITE DEPTH REACHED, IGNORING:llvm.dbg.value
MAX CALL SITE DEPTH REACHED, IGNORING:llvm.dbg.value
MAX CALL SITE DEPTH REACHED, IGNORING:llvm.dbg.value
MAX CALL SITE DEPTH REACHED, IGNORING:llvm.dbg.value
MAX CALL SITE DEPTH REACHED, IGNORING:llvm.dbg.value
MAX CALL SITE DEPTH REACHED, IGNORING:llvm.dbg.value
MAX CALL SITE DEPTH REACHED, IGNORING:llvm.dbg.value
MAX CALL SITE DEPTH REACHED, IGNORING:llvm.dbg.value
MAX CALL SITE DEPTH REACHED, IGNORING:llvm.dbg.value
MAX CALL SITE DEPTH REACHED, IGNORING:llvm.dbg.value
MAX CALL SITE DEPTH REACHED, IGNORING:llvm.dbg.value
MAX CALL SITE DEPTH REACHED, IGNORING:llvm.dbg.value
MAX CALL SITE DEPTH REACHED, IGNORING:llvm.dbg.value
MAX CALL SITE DEPTH REACHED, IGNORING:printnum
MAX CALL SITE DEPTH REACHED, IGNORING:llvm.dbg.value
MAX CALL SITE DEPTH REACHED, IGNORING:llvm.dbg.value
MAX CALL SITE DEPTH REACHED, IGNORING:llvm.dbg.value
MAX CALL SITE DEPTH REACHED, IGNORING:llvm.dbg.value
MAX CALL SITE DEPTH REACHED, IGNORING:llvm.dbg.value
MAX CALL SITE DEPTH REACHED, IGNORING:llvm.dbg.value
MAX CALL SITE DEPTH REACHED, IGNORING:llvm.dbg.value
MAX CALL SITE DEPTH REACHED, IGNORING:llvm.dbg.value
MAX CALL SITE DEPTH REACHED, IGNORING:llvm.dbg.value
MAX CALL SITE DEPTH REACHED, IGNORING:strnlen
MAX CALL SITE DEPTH REACHED, IGNORING:llvm.dbg.value
MAX CALL SITE DEPTH REACHED, IGNORING:llvm.dbg.value
MAX CALL SITE DEPTH REACHED, IGNORING:llvm.dbg.value
MAX CALL SITE DEPTH REACHED, IGNORING:printfmt
MAX CALL SITE DEPTH REACHED, IGNORING:llvm.dbg.value
MAX CALL SITE DEPTH REACHED, IGNORING:printfmt
MAX CALL SITE DEPTH REACHED, IGNORING:llvm.dbg.value
MAX CALL SITE DEPTH REACHED, IGNORING:llvm.dbg.value
MAX CALL SITE DEPTH REACHED, IGNORING:llvm.dbg.value
MAX CALL SITE DEPTH REACHED, IGNORING:llvm.dbg.value
MAX CALL SITE DEPTH REACHED, IGNORING:llvm.dbg.value
MAX CALL SITE DEPTH REACHED, IGNORING:llvm.dbg.value
MAX CALL SITE DEPTH REACHED, IGNORING:llvm.dbg.value
MAX CALL SITE DEPTH REACHED, IGNORING:llvm.dbg.value
MAX CALL SITE DEPTH REACHED, IGNORING:llvm.dbg.value
MAX CALL SITE DEPTH REACHED, IGNORING:llvm.dbg.value
MAX CALL SITE DEPTH REACHED, IGNORING:llvm.dbg.value
MAX CALL SITE DEPTH REACHED, IGNORING:llvm.dbg.value
MAX CALL SITE DEPTH REACHED, IGNORING:llvm.dbg.value
MAX CALL SITE DEPTH REACHED, IGNORING:llvm.dbg.value
MAX CALL SITE DEPTH REACHED, IGNORING:llvm.dbg.value
MAX CALL SITE DEPTH REACHED, IGNORING:llvm.dbg.value
MAX CALL SITE DEPTH REACHED, IGNORING:llvm.dbg.value
MAX CALL SITE DEPTH REACHED, IGNORING:llvm.dbg.value
MAX CALL SITE DEPTH REACHED, IGNORING:llvm.dbg.value
MAX CALL SITE DEPTH REACHED, IGNORING:llvm.dbg.value
MAX CALL SITE DEPTH REACHED, IGNORING:llvm.dbg.value
MAX CALL SITE DEPTH REACHED, IGNORING:llvm.dbg.value
MAX CALL SITE DEPTH REACHED, IGNORING:llvm.dbg.value
MAX CALL SITE DEPTH REACHED, IGNORING:llvm.dbg.value
MAX CALL SITE DEPTH REACHED, IGNORING:llvm.dbg.value
MAX CALL SITE DEPTH REACHED, IGNORING:llvm.dbg.value
MAX CALL SITE DEPTH REACHED, IGNORING:__panic
MAX CALL SITE DEPTH REACHED, IGNORING:llvm.dbg.value
MAX CALL SITE DEPTH REACHED, IGNORING:llvm.dbg.value
MAX CALL SITE DEPTH REACHED, IGNORING:llvm.dbg.value
MAX CALL SITE DEPTH REACHED, IGNORING:llvm.dbg.declare
MAX CALL SITE DEPTH REACHED, IGNORING:llvm.va_start
MAX CALL SITE DEPTH REACHED, IGNORING:kprintf
MAX CALL SITE DEPTH REACHED, IGNORING:vkprintf
MAX CALL SITE DEPTH REACHED, IGNORING:kprintf
MAX CALL SITE DEPTH REACHED, IGNORING:intr_disable
MAX CALL SITE DEPTH REACHED, IGNORING:monitor
MAX CALL SITE DEPTH REACHED, IGNORING:llvm.dbg.value
MAX CALL SITE DEPTH REACHED, IGNORING:llvm.dbg.declare
MAX CALL SITE DEPTH REACHED, IGNORING:llvm.va_start
MAX CALL SITE DEPTH REACHED, IGNORING:vkprintf
MAX CALL SITE DEPTH REACHED, IGNORING:llvm.dbg.value
MAX CALL SITE DEPTH REACHED, IGNORING:llvm.dbg.value
MAX CALL SITE DEPTH REACHED, IGNORING:llvm.dbg.value
MAX CALL SITE DEPTH REACHED, IGNORING:llvm.dbg.declare
MAX CALL SITE DEPTH REACHED, IGNORING:llvm.dbg.value
MAX CALL SITE DEPTH REACHED, IGNORING:llvm.dbg.value
MAX CALL SITE DEPTH REACHED, IGNORING:spinlock_acquire
MAX CALL SITE DEPTH REACHED, IGNORING:vprintfmt
MAX CALL SITE DEPTH REACHED, IGNORING:spinlock_release
MAX CALL SITE DEPTH REACHED, IGNORING:llvm.dbg.value
MAX CALL SITE DEPTH REACHED, IGNORING:llvm.dbg.declare
MAX CALL SITE DEPTH REACHED, IGNORING:llvm.va_start
MAX CALL SITE DEPTH REACHED, IGNORING:vkprintf
MAX CALL SITE DEPTH REACHED, IGNORING:llvm.dbg.value
MAX CALL SITE DEPTH REACHED, IGNORING:llvm.dbg.value
MAX CALL SITE DEPTH REACHED, IGNORING:llvm.dbg.value
MAX CALL SITE DEPTH REACHED, IGNORING:llvm.dbg.value
MAX CALL SITE DEPTH REACHED, IGNORING:llvm.dbg.declare
MAX CALL SITE DEPTH REACHED, IGNORING:llvm.va_start
MAX CALL SITE DEPTH REACHED, IGNORING:kprintf
MAX CALL SITE DEPTH REACHED, IGNORING:vkprintf
MAX CALL SITE DEPTH REACHED, IGNORING:kprintf
MAX CALL SITE DEPTH REACHED, IGNORING:intr_disable
MAX CALL SITE DEPTH REACHED, IGNORING:monitor
MAX CALL SITE DEPTH REACHED, IGNORING:llvm.dbg.value
MAX CALL SITE DEPTH REACHED, IGNORING:llvm.dbg.declare
MAX CALL SITE DEPTH REACHED, IGNORING:llvm.va_start
MAX CALL SITE DEPTH REACHED, IGNORING:vkprintf
MAX CALL SITE DEPTH REACHED, IGNORING:llvm.dbg.value
MAX CALL SITE DEPTH REACHED, IGNORING:llvm.dbg.value
MAX CALL SITE DEPTH REACHED, IGNORING:llvm.dbg.value
MAX CALL SITE DEPTH REACHED, IGNORING:llvm.dbg.declare
MAX CALL SITE DEPTH REACHED, IGNORING:llvm.dbg.value
MAX CALL SITE DEPTH REACHED, IGNORING:llvm.dbg.value
MAX CALL SITE DEPTH REACHED, IGNORING:spinlock_acquire
MAX CALL SITE DEPTH REACHED, IGNORING:vprintfmt
MAX CALL SITE DEPTH REACHED, IGNORING:spinlock_release
MAX CALL SITE DEPTH REACHED, IGNORING:llvm.dbg.value
MAX CALL SITE DEPTH REACHED, IGNORING:llvm.dbg.declare
MAX CALL SITE DEPTH REACHED, IGNORING:llvm.va_start
MAX CALL SITE DEPTH REACHED, IGNORING:vkprintf
MAX CALL SITE DEPTH REACHED, IGNORING:llvm.dbg.value
MAX CALL SITE DEPTH REACHED, IGNORING:llvm.dbg.value
MAX CALL SITE DEPTH REACHED, IGNORING:__panic
MAX CALL SITE DEPTH REACHED, IGNORING:llvm.dbg.value
MAX CALL SITE DEPTH REACHED, IGNORING:llvm.dbg.value
MAX CALL SITE DEPTH REACHED, IGNORING:llvm.dbg.value
MAX CALL SITE DEPTH REACHED, IGNORING:llvm.dbg.declare
MAX CALL SITE DEPTH REACHED, IGNORING:llvm.va_start
MAX CALL SITE DEPTH REACHED, IGNORING:kprintf
MAX CALL SITE DEPTH REACHED, IGNORING:vkprintf
MAX CALL SITE DEPTH REACHED, IGNORING:kprintf
MAX CALL SITE DEPTH REACHED, IGNORING:intr_disable
MAX CALL SITE DEPTH REACHED, IGNORING:monitor
MAX CALL SITE DEPTH REACHED, IGNORING:llvm.dbg.value
MAX CALL SITE DEPTH REACHED, IGNORING:llvm.dbg.value
MAX CALL SITE DEPTH REACHED, IGNORING:pa2page.605
MAX CALL SITE DEPTH REACHED, IGNORING:__panic
MAX CALL SITE DEPTH REACHED, IGNORING:llvm.dbg.value
MAX CALL SITE DEPTH REACHED, IGNORING:llvm.dbg.value
MAX CALL SITE DEPTH REACHED, IGNORING:pa2page.605
MAX CALL SITE DEPTH REACHED, IGNORING:__panic
MAX CALL SITE DEPTH REACHED, IGNORING:llvm.dbg.value
MAX CALL SITE DEPTH REACHED, IGNORING:intr_disable
MAX CALL SITE DEPTH REACHED, IGNORING:llvm.dbg.value
MAX CALL SITE DEPTH REACHED, IGNORING:llvm.dbg.value
MAX CALL SITE DEPTH REACHED, IGNORING:kva2page.603
MAX CALL SITE DEPTH REACHED, IGNORING:llvm.dbg.value
MAX CALL SITE DEPTH REACHED, IGNORING:llvm.dbg.value
MAX CALL SITE DEPTH REACHED, IGNORING:llvm.dbg.value
MAX CALL SITE DEPTH REACHED, IGNORING:llvm.dbg.value
MAX CALL SITE DEPTH REACHED, IGNORING:llvm.dbg.value
MAX CALL SITE DEPTH REACHED, IGNORING:llvm.dbg.value
MAX CALL SITE DEPTH REACHED, IGNORING:llvm.dbg.value
MAX CALL SITE DEPTH REACHED, IGNORING:llvm.dbg.value
MAX CALL SITE DEPTH REACHED, IGNORING:llvm.dbg.value
MAX CALL SITE DEPTH REACHED, IGNORING:llvm.dbg.value
MAX CALL SITE DEPTH REACHED, IGNORING:llvm.dbg.value
MAX CALL SITE DEPTH REACHED, IGNORING:llvm.dbg.value
MAX CALL SITE DEPTH REACHED, IGNORING:llvm.dbg.value
MAX CALL SITE DEPTH REACHED, IGNORING:llvm.dbg.value
MAX CALL SITE DEPTH REACHED, IGNORING:llvm.dbg.value
MAX CALL SITE DEPTH REACHED, IGNORING:llvm.dbg.value
MAX CALL SITE DEPTH REACHED, IGNORING:llvm.dbg.value
MAX CALL SITE DEPTH REACHED, IGNORING:llvm.dbg.value
MAX CALL SITE DEPTH REACHED, IGNORING:llvm.dbg.value
MAX CALL SITE DEPTH REACHED, IGNORING:llvm.dbg.value
MAX CALL SITE DEPTH REACHED, IGNORING:llvm.dbg.value
MAX CALL SITE DEPTH REACHED, IGNORING:llvm.dbg.value
MAX CALL SITE DEPTH REACHED, IGNORING:llvm.dbg.value
MAX CALL SITE DEPTH REACHED, IGNORING:llvm.dbg.value
MAX CALL SITE DEPTH REACHED, IGNORING:intr_enable
[+] Writing output to:/dockershare/ucore_plus/dr_checker_out/yaffs_vop_reclaim.json
[+] Return message from file write:Success
[+] Writing Instr output to:/dockershare/ucore_plus/dr_checker_out/instr_warnings/yaffs_vop_reclaiminstr_warngs.json
[+] Return message from file write:Success
Printing analysis 'Soundy Driver Checker':
Pass::print not implemented for pass: 'Soundy Driver Checker'!
Args: /dr_checker/drcheckerdeps/llvm/build/bin/opt -analyze -debug -load /dockershare/gitrepo/helper_scripts/../llvm_analysis/MainAnalysisPasses/build_dir/SoundyAliasAnalysis/libSoundyAliasAnalysis.so -dr_checker -toCheckFunction=yaffs_vop_reclaim -functionType=NEWTYPE -skipInit=1 -outputFile=/dockershare/ucore_plus/dr_checker_out/yaffs_vop_reclaim.json -instrWarnOutput=/dockershare/ucore_plus/dr_checker_out/instr_warnings/yaffs_vop_reclaiminstr_warngs.json /tmp/tmpcGKUPj 

Features:+64bit,+sse2
CPU:generic

Subtarget features: SSELevel 2, 3DNowLevel 0, 64bit 1
Provided Function Type:NEWTYPE, Function Name:yaffs_vop_reclaim
Starting Analyzing function:yaffs_vop_reclaim
MAX CALL SITE DEPTH REACHED, IGNORING:llvm.dbg.value
MAX CALL SITE DEPTH REACHED, IGNORING:llvm.dbg.value
MAX CALL SITE DEPTH REACHED, IGNORING:llvm.dbg.value
MAX CALL SITE DEPTH REACHED, IGNORING:llvm.dbg.value
MAX CALL SITE DEPTH REACHED, IGNORING:llvm.dbg.value
MAX CALL SITE DEPTH REACHED, IGNORING:llvm.dbg.value
MAX CALL SITE DEPTH REACHED, IGNORING:llvm.dbg.value
MAX CALL SITE DEPTH REACHED, IGNORING:llvm.dbg.value
MAX CALL SITE DEPTH REACHED, IGNORING:llvm.dbg.value
MAX CALL SITE DEPTH REACHED, IGNORING:llvm.dbg.value
MAX CALL SITE DEPTH REACHED, IGNORING:llvm.dbg.value
MAX CALL SITE DEPTH REACHED, IGNORING:llvm.dbg.value
MAX CALL SITE DEPTH REACHED, IGNORING:llvm.dbg.value
MAX CALL SITE DEPTH REACHED, IGNORING:printnum
MAX CALL SITE DEPTH REACHED, IGNORING:llvm.dbg.value
MAX CALL SITE DEPTH REACHED, IGNORING:llvm.dbg.value
MAX CALL SITE DEPTH REACHED, IGNORING:llvm.dbg.value
MAX CALL SITE DEPTH REACHED, IGNORING:llvm.dbg.value
MAX CALL SITE DEPTH REACHED, IGNORING:llvm.dbg.value
MAX CALL SITE DEPTH REACHED, IGNORING:llvm.dbg.value
MAX CALL SITE DEPTH REACHED, IGNORING:llvm.dbg.value
MAX CALL SITE DEPTH REACHED, IGNORING:llvm.dbg.value
MAX CALL SITE DEPTH REACHED, IGNORING:llvm.dbg.value
MAX CALL SITE DEPTH REACHED, IGNORING:llvm.dbg.declare
MAX CALL SITE DEPTH REACHED, IGNORING:llvm.va_start
MAX CALL SITE DEPTH REACHED, IGNORING:vprintfmt
MAX CALL SITE DEPTH REACHED, IGNORING:llvm.dbg.value
MAX CALL SITE DEPTH REACHED, IGNORING:llvm.dbg.value
MAX CALL SITE DEPTH REACHED, IGNORING:llvm.dbg.value
MAX CALL SITE DEPTH REACHED, IGNORING:llvm.dbg.value
MAX CALL SITE DEPTH REACHED, IGNORING:llvm.dbg.declare
MAX CALL SITE DEPTH REACHED, IGNORING:llvm.va_start
MAX CALL SITE DEPTH REACHED, IGNORING:vprintfmt
MAX CALL SITE DEPTH REACHED, IGNORING:llvm.dbg.value
MAX CALL SITE DEPTH REACHED, IGNORING:llvm.dbg.value
MAX CALL SITE DEPTH REACHED, IGNORING:llvm.dbg.value
MAX CALL SITE DEPTH REACHED, IGNORING:llvm.dbg.declare
MAX CALL SITE DEPTH REACHED, IGNORING:llvm.va_start
MAX CALL SITE DEPTH REACHED, IGNORING:vkprintf
MAX CALL SITE DEPTH REACHED, IGNORING:kprintf
MAX CALL SITE DEPTH REACHED, IGNORING:intr_disable
MAX CALL SITE DEPTH REACHED, IGNORING:monitor
MAX CALL SITE DEPTH REACHED, IGNORING:llvm.dbg.value
MAX CALL SITE DEPTH REACHED, IGNORING:llvm.dbg.value
MAX CALL SITE DEPTH REACHED, IGNORING:llvm.dbg.value
MAX CALL SITE DEPTH REACHED, IGNORING:llvm.dbg.value
MAX CALL SITE DEPTH REACHED, IGNORING:llvm.dbg.value
MAX CALL SITE DEPTH REACHED, IGNORING:llvm.dbg.value
MAX CALL SITE DEPTH REACHED, IGNORING:llvm.dbg.value
MAX CALL SITE DEPTH REACHED, IGNORING:llvm.dbg.value
MAX CALL SITE DEPTH REACHED, IGNORING:llvm.dbg.value
MAX CALL SITE DEPTH REACHED, IGNORING:llvm.dbg.value
MAX CALL SITE DEPTH REACHED, IGNORING:llvm.dbg.value
MAX CALL SITE DEPTH REACHED, IGNORING:llvm.dbg.value
MAX CALL SITE DEPTH REACHED, IGNORING:llvm.dbg.value
MAX CALL SITE DEPTH REACHED, IGNORING:llvm.dbg.value
MAX CALL SITE DEPTH REACHED, IGNORING:llvm.dbg.value
MAX CALL SITE DEPTH REACHED, IGNORING:llvm.dbg.value
MAX CALL SITE DEPTH REACHED, IGNORING:llvm.dbg.value
MAX CALL SITE DEPTH REACHED, IGNORING:llvm.dbg.value
MAX CALL SITE DEPTH REACHED, IGNORING:llvm.dbg.value
MAX CALL SITE DEPTH REACHED, IGNORING:llvm.dbg.value
MAX CALL SITE DEPTH REACHED, IGNORING:llvm.dbg.value
MAX CALL SITE DEPTH REACHED, IGNORING:llvm.dbg.value
MAX CALL SITE DEPTH REACHED, IGNORING:llvm.dbg.value
MAX CALL SITE DEPTH REACHED, IGNORING:llvm.dbg.value
MAX CALL SITE DEPTH REACHED, IGNORING:llvm.dbg.value
MAX CALL SITE DEPTH REACHED, IGNORING:llvm.dbg.value
MAX CALL SITE DEPTH REACHED, IGNORING:printnum
MAX CALL SITE DEPTH REACHED, IGNORING:llvm.dbg.value
MAX CALL SITE DEPTH REACHED, IGNORING:llvm.dbg.value
MAX CALL SITE DEPTH REACHED, IGNORING:llvm.dbg.value
MAX CALL SITE DEPTH REACHED, IGNORING:llvm.dbg.value
MAX CALL SITE DEPTH REACHED, IGNORING:llvm.dbg.value
MAX CALL SITE DEPTH REACHED, IGNORING:llvm.dbg.value
MAX CALL SITE DEPTH REACHED, IGNORING:llvm.dbg.value
MAX CALL SITE DEPTH REACHED, IGNORING:llvm.dbg.value
MAX CALL SITE DEPTH REACHED, IGNORING:llvm.dbg.value
MAX CALL SITE DEPTH REACHED, IGNORING:strnlen
MAX CALL SITE DEPTH REACHED, IGNORING:llvm.dbg.value
MAX CALL SITE DEPTH REACHED, IGNORING:llvm.dbg.value
MAX CALL SITE DEPTH REACHED, IGNORING:llvm.dbg.value
MAX CALL SITE DEPTH REACHED, IGNORING:llvm.dbg.value
MAX CALL SITE DEPTH REACHED, IGNORING:printfmt
MAX CALL SITE DEPTH REACHED, IGNORING:llvm.dbg.value
MAX CALL SITE DEPTH REACHED, IGNORING:llvm.dbg.value
MAX CALL SITE DEPTH REACHED, IGNORING:llvm.dbg.value
MAX CALL SITE DEPTH REACHED, IGNORING:llvm.dbg.value
MAX CALL SITE DEPTH REACHED, IGNORING:llvm.dbg.value
MAX CALL SITE DEPTH REACHED, IGNORING:llvm.dbg.value
MAX CALL SITE DEPTH REACHED, IGNORING:llvm.dbg.value
MAX CALL SITE DEPTH REACHED, IGNORING:llvm.dbg.value
MAX CALL SITE DEPTH REACHED, IGNORING:llvm.dbg.value
MAX CALL SITE DEPTH REACHED, IGNORING:llvm.dbg.value
MAX CALL SITE DEPTH REACHED, IGNORING:llvm.dbg.value
MAX CALL SITE DEPTH REACHED, IGNORING:llvm.dbg.value
MAX CALL SITE DEPTH REACHED, IGNORING:llvm.dbg.value
MAX CALL SITE DEPTH REACHED, IGNORING:llvm.dbg.value
MAX CALL SITE DEPTH REACHED, IGNORING:llvm.dbg.value
MAX CALL SITE DEPTH REACHED, IGNORING:llvm.dbg.value
MAX CALL SITE DEPTH REACHED, IGNORING:llvm.dbg.value
MAX CALL SITE DEPTH REACHED, IGNORING:llvm.dbg.value
MAX CALL SITE DEPTH REACHED, IGNORING:llvm.dbg.value
MAX CALL SITE DEPTH REACHED, IGNORING:llvm.dbg.value
MAX CALL SITE DEPTH REACHED, IGNORING:llvm.dbg.value
MAX CALL SITE DEPTH REACHED, IGNORING:llvm.dbg.value
MAX CALL SITE DEPTH REACHED, IGNORING:llvm.dbg.value
MAX CALL SITE DEPTH REACHED, IGNORING:llvm.dbg.value
MAX CALL SITE DEPTH REACHED, IGNORING:llvm.dbg.value
MAX CALL SITE DEPTH REACHED, IGNORING:llvm.dbg.value
MAX CALL SITE DEPTH REACHED, IGNORING:llvm.dbg.value
MAX CALL SITE DEPTH REACHED, IGNORING:llvm.dbg.value
MAX CALL SITE DEPTH REACHED, IGNORING:llvm.dbg.value
MAX CALL SITE DEPTH REACHED, IGNORING:llvm.dbg.value
MAX CALL SITE DEPTH REACHED, IGNORING:llvm.dbg.value
MAX CALL SITE DEPTH REACHED, IGNORING:llvm.dbg.value
MAX CALL SITE DEPTH REACHED, IGNORING:llvm.dbg.value
MAX CALL SITE DEPTH REACHED, IGNORING:llvm.dbg.value
MAX CALL SITE DEPTH REACHED, IGNORING:llvm.dbg.value
MAX CALL SITE DEPTH REACHED, IGNORING:llvm.dbg.value
MAX CALL SITE DEPTH REACHED, IGNORING:llvm.dbg.value
MAX CALL SITE DEPTH REACHED, IGNORING:llvm.dbg.value
MAX CALL SITE DEPTH REACHED, IGNORING:printnum
MAX CALL SITE DEPTH REACHED, IGNORING:llvm.dbg.value
MAX CALL SITE DEPTH REACHED, IGNORING:llvm.dbg.value
MAX CALL SITE DEPTH REACHED, IGNORING:llvm.dbg.value
MAX CALL SITE DEPTH REACHED, IGNORING:llvm.dbg.value
MAX CALL SITE DEPTH REACHED, IGNORING:llvm.dbg.value
MAX CALL SITE DEPTH REACHED, IGNORING:llvm.dbg.value
MAX CALL SITE DEPTH REACHED, IGNORING:llvm.dbg.value
MAX CALL SITE DEPTH REACHED, IGNORING:llvm.dbg.value
MAX CALL SITE DEPTH REACHED, IGNORING:llvm.dbg.value
MAX CALL SITE DEPTH REACHED, IGNORING:strnlen
MAX CALL SITE DEPTH REACHED, IGNORING:llvm.dbg.value
MAX CALL SITE DEPTH REACHED, IGNORING:llvm.dbg.value
MAX CALL SITE DEPTH REACHED, IGNORING:llvm.dbg.value
MAX CALL SITE DEPTH REACHED, IGNORING:printfmt
MAX CALL SITE DEPTH REACHED, IGNORING:llvm.dbg.value
MAX CALL SITE DEPTH REACHED, IGNORING:llvm.dbg.value
MAX CALL SITE DEPTH REACHED, IGNORING:llvm.dbg.value
MAX CALL SITE DEPTH REACHED, IGNORING:llvm.dbg.value
MAX CALL SITE DEPTH REACHED, IGNORING:llvm.dbg.value
MAX CALL SITE DEPTH REACHED, IGNORING:llvm.dbg.value
MAX CALL SITE DEPTH REACHED, IGNORING:llvm.dbg.value
MAX CALL SITE DEPTH REACHED, IGNORING:llvm.dbg.value
MAX CALL SITE DEPTH REACHED, IGNORING:llvm.dbg.value
MAX CALL SITE DEPTH REACHED, IGNORING:llvm.dbg.value
MAX CALL SITE DEPTH REACHED, IGNORING:llvm.dbg.value
MAX CALL SITE DEPTH REACHED, IGNORING:llvm.dbg.value
MAX CALL SITE DEPTH REACHED, IGNORING:llvm.dbg.value
MAX CALL SITE DEPTH REACHED, IGNORING:llvm.dbg.value
MAX CALL SITE DEPTH REACHED, IGNORING:llvm.dbg.value
MAX CALL SITE DEPTH REACHED, IGNORING:llvm.dbg.value
MAX CALL SITE DEPTH REACHED, IGNORING:llvm.dbg.value
MAX CALL SITE DEPTH REACHED, IGNORING:llvm.dbg.value
MAX CALL SITE DEPTH REACHED, IGNORING:llvm.dbg.value
MAX CALL SITE DEPTH REACHED, IGNORING:llvm.dbg.value
MAX CALL SITE DEPTH REACHED, IGNORING:llvm.dbg.value
MAX CALL SITE DEPTH REACHED, IGNORING:llvm.dbg.value
MAX CALL SITE DEPTH REACHED, IGNORING:llvm.dbg.value
MAX CALL SITE DEPTH REACHED, IGNORING:llvm.dbg.value
MAX CALL SITE DEPTH REACHED, IGNORING:llvm.dbg.value
MAX CALL SITE DEPTH REACHED, IGNORING:llvm.dbg.value
MAX CALL SITE DEPTH REACHED, IGNORING:llvm.dbg.value
MAX CALL SITE DEPTH REACHED, IGNORING:llvm.dbg.declare
MAX CALL SITE DEPTH REACHED, IGNORING:llvm.va_start
MAX CALL SITE DEPTH REACHED, IGNORING:vkprintf
MAX CALL SITE DEPTH REACHED, IGNORING:llvm.dbg.value
MAX CALL SITE DEPTH REACHED, IGNORING:llvm.dbg.value
MAX CALL SITE DEPTH REACHED, IGNORING:llvm.dbg.declare
MAX CALL SITE DEPTH REACHED, IGNORING:llvm.va_start
MAX CALL SITE DEPTH REACHED, IGNORING:vkprintf
MAX CALL SITE DEPTH REACHED, IGNORING:llvm.dbg.value
MAX CALL SITE DEPTH REACHED, IGNORING:llvm.dbg.value
MAX CALL SITE DEPTH REACHED, IGNORING:llvm.dbg.value
MAX CALL SITE DEPTH REACHED, IGNORING:llvm.dbg.value
MAX CALL SITE DEPTH REACHED, IGNORING:llvm.dbg.value
MAX CALL SITE DEPTH REACHED, IGNORING:llvm.dbg.value
MAX CALL SITE DEPTH REACHED, IGNORING:llvm.dbg.value
MAX CALL SITE DEPTH REACHED, IGNORING:llvm.dbg.value
MAX CALL SITE DEPTH REACHED, IGNORING:llvm.dbg.value
MAX CALL SITE DEPTH REACHED, IGNORING:llvm.dbg.value
MAX CALL SITE DEPTH REACHED, IGNORING:llvm.dbg.value
MAX CALL SITE DEPTH REACHED, IGNORING:llvm.dbg.value
MAX CALL SITE DEPTH REACHED, IGNORING:llvm.dbg.value
MAX CALL SITE DEPTH REACHED, IGNORING:llvm.dbg.value
MAX CALL SITE DEPTH REACHED, IGNORING:printnum
MAX CALL SITE DEPTH REACHED, IGNORING:llvm.dbg.value
MAX CALL SITE DEPTH REACHED, IGNORING:llvm.dbg.value
MAX CALL SITE DEPTH REACHED, IGNORING:llvm.dbg.value
MAX CALL SITE DEPTH REACHED, IGNORING:llvm.dbg.value
MAX CALL SITE DEPTH REACHED, IGNORING:llvm.dbg.value
MAX CALL SITE DEPTH REACHED, IGNORING:llvm.dbg.value
MAX CALL SITE DEPTH REACHED, IGNORING:llvm.dbg.value
MAX CALL SITE DEPTH REACHED, IGNORING:llvm.dbg.value
MAX CALL SITE DEPTH REACHED, IGNORING:llvm.dbg.value
MAX CALL SITE DEPTH REACHED, IGNORING:llvm.dbg.declare
MAX CALL SITE DEPTH REACHED, IGNORING:llvm.va_start
MAX CALL SITE DEPTH REACHED, IGNORING:vprintfmt
MAX CALL SITE DEPTH REACHED, IGNORING:llvm.dbg.value
MAX CALL SITE DEPTH REACHED, IGNORING:llvm.dbg.value
MAX CALL SITE DEPTH REACHED, IGNORING:llvm.dbg.value
MAX CALL SITE DEPTH REACHED, IGNORING:llvm.dbg.value
MAX CALL SITE DEPTH REACHED, IGNORING:llvm.dbg.declare
MAX CALL SITE DEPTH REACHED, IGNORING:llvm.va_start
MAX CALL SITE DEPTH REACHED, IGNORING:vprintfmt
MAX CALL SITE DEPTH REACHED, IGNORING:llvm.dbg.value
MAX CALL SITE DEPTH REACHED, IGNORING:llvm.dbg.value
MAX CALL SITE DEPTH REACHED, IGNORING:llvm.dbg.value
MAX CALL SITE DEPTH REACHED, IGNORING:llvm.dbg.declare
MAX CALL SITE DEPTH REACHED, IGNORING:llvm.va_start
MAX CALL SITE DEPTH REACHED, IGNORING:kprintf
MAX CALL SITE DEPTH REACHED, IGNORING:vkprintf
MAX CALL SITE DEPTH REACHED, IGNORING:intr_disable
MAX CALL SITE DEPTH REACHED, IGNORING:monitor
MAX CALL SITE DEPTH REACHED, IGNORING:llvm.dbg.value
MAX CALL SITE DEPTH REACHED, IGNORING:llvm.dbg.value
MAX CALL SITE DEPTH REACHED, IGNORING:llvm.dbg.value
MAX CALL SITE DEPTH REACHED, IGNORING:llvm.dbg.value
MAX CALL SITE DEPTH REACHED, IGNORING:llvm.dbg.value
MAX CALL SITE DEPTH REACHED, IGNORING:llvm.dbg.value
MAX CALL SITE DEPTH REACHED, IGNORING:llvm.dbg.value
MAX CALL SITE DEPTH REACHED, IGNORING:llvm.dbg.value
MAX CALL SITE DEPTH REACHED, IGNORING:llvm.dbg.value
MAX CALL SITE DEPTH REACHED, IGNORING:llvm.dbg.value
MAX CALL SITE DEPTH REACHED, IGNORING:llvm.dbg.value
MAX CALL SITE DEPTH REACHED, IGNORING:llvm.dbg.value
MAX CALL SITE DEPTH REACHED, IGNORING:llvm.dbg.value
MAX CALL SITE DEPTH REACHED, IGNORING:llvm.dbg.value
MAX CALL SITE DEPTH REACHED, IGNORING:llvm.dbg.value
MAX CALL SITE DEPTH REACHED, IGNORING:llvm.dbg.value
MAX CALL SITE DEPTH REACHED, IGNORING:llvm.dbg.value
MAX CALL SITE DEPTH REACHED, IGNORING:llvm.dbg.value
MAX CALL SITE DEPTH REACHED, IGNORING:llvm.dbg.value
MAX CALL SITE DEPTH REACHED, IGNORING:llvm.dbg.value
MAX CALL SITE DEPTH REACHED, IGNORING:llvm.dbg.value
MAX CALL SITE DEPTH REACHED, IGNORING:llvm.dbg.value
MAX CALL SITE DEPTH REACHED, IGNORING:llvm.dbg.value
MAX CALL SITE DEPTH REACHED, IGNORING:llvm.dbg.value
MAX CALL SITE DEPTH REACHED, IGNORING:llvm.dbg.value
MAX CALL SITE DEPTH REACHED, IGNORING:llvm.dbg.value
MAX CALL SITE DEPTH REACHED, IGNORING:printnum
MAX CALL SITE DEPTH REACHED, IGNORING:llvm.dbg.value
MAX CALL SITE DEPTH REACHED, IGNORING:llvm.dbg.value
MAX CALL SITE DEPTH REACHED, IGNORING:llvm.dbg.value
MAX CALL SITE DEPTH REACHED, IGNORING:llvm.dbg.value
MAX CALL SITE DEPTH REACHED, IGNORING:llvm.dbg.value
MAX CALL SITE DEPTH REACHED, IGNORING:llvm.dbg.value
MAX CALL SITE DEPTH REACHED, IGNORING:llvm.dbg.value
MAX CALL SITE DEPTH REACHED, IGNORING:llvm.dbg.value
MAX CALL SITE DEPTH REACHED, IGNORING:llvm.dbg.value
MAX CALL SITE DEPTH REACHED, IGNORING:strnlen
MAX CALL SITE DEPTH REACHED, IGNORING:llvm.dbg.value
MAX CALL SITE DEPTH REACHED, IGNORING:llvm.dbg.value
MAX CALL SITE DEPTH REACHED, IGNORING:llvm.dbg.value
MAX CALL SITE DEPTH REACHED, IGNORING:llvm.dbg.value
MAX CALL SITE DEPTH REACHED, IGNORING:printfmt
MAX CALL SITE DEPTH REACHED, IGNORING:llvm.dbg.value
MAX CALL SITE DEPTH REACHED, IGNORING:llvm.dbg.value
MAX CALL SITE DEPTH REACHED, IGNORING:llvm.dbg.value
MAX CALL SITE DEPTH REACHED, IGNORING:llvm.dbg.value
MAX CALL SITE DEPTH REACHED, IGNORING:llvm.dbg.value
MAX CALL SITE DEPTH REACHED, IGNORING:llvm.dbg.value
MAX CALL SITE DEPTH REACHED, IGNORING:llvm.dbg.value
MAX CALL SITE DEPTH REACHED, IGNORING:llvm.dbg.value
MAX CALL SITE DEPTH REACHED, IGNORING:llvm.dbg.value
MAX CALL SITE DEPTH REACHED, IGNORING:llvm.dbg.value
MAX CALL SITE DEPTH REACHED, IGNORING:llvm.dbg.value
MAX CALL SITE DEPTH REACHED, IGNORING:llvm.dbg.value
MAX CALL SITE DEPTH REACHED, IGNORING:llvm.dbg.value
MAX CALL SITE DEPTH REACHED, IGNORING:llvm.dbg.value
MAX CALL SITE DEPTH REACHED, IGNORING:llvm.dbg.value
MAX CALL SITE DEPTH REACHED, IGNORING:llvm.dbg.value
MAX CALL SITE DEPTH REACHED, IGNORING:llvm.dbg.value
MAX CALL SITE DEPTH REACHED, IGNORING:llvm.dbg.value
MAX CALL SITE DEPTH REACHED, IGNORING:llvm.dbg.value
MAX CALL SITE DEPTH REACHED, IGNORING:llvm.dbg.value
MAX CALL SITE DEPTH REACHED, IGNORING:llvm.dbg.value
MAX CALL SITE DEPTH REACHED, IGNORING:llvm.dbg.value
MAX CALL SITE DEPTH REACHED, IGNORING:llvm.dbg.value
MAX CALL SITE DEPTH REACHED, IGNORING:llvm.dbg.value
MAX CALL SITE DEPTH REACHED, IGNORING:llvm.dbg.value
MAX CALL SITE DEPTH REACHED, IGNORING:llvm.dbg.value
MAX CALL SITE DEPTH REACHED, IGNORING:llvm.dbg.value
MAX CALL SITE DEPTH REACHED, IGNORING:llvm.dbg.value
MAX CALL SITE DEPTH REACHED, IGNORING:llvm.dbg.value
MAX CALL SITE DEPTH REACHED, IGNORING:llvm.dbg.value
MAX CALL SITE DEPTH REACHED, IGNORING:llvm.dbg.value
MAX CALL SITE DEPTH REACHED, IGNORING:llvm.dbg.value
MAX CALL SITE DEPTH REACHED, IGNORING:llvm.dbg.value
MAX CALL SITE DEPTH REACHED, IGNORING:llvm.dbg.value
MAX CALL SITE DEPTH REACHED, IGNORING:llvm.dbg.value
MAX CALL SITE DEPTH REACHED, IGNORING:llvm.dbg.value
MAX CALL SITE DEPTH REACHED, IGNORING:llvm.dbg.value
MAX CALL SITE DEPTH REACHED, IGNORING:llvm.dbg.value
MAX CALL SITE DEPTH REACHED, IGNORING:printnum
MAX CALL SITE DEPTH REACHED, IGNORING:llvm.dbg.value
MAX CALL SITE DEPTH REACHED, IGNORING:llvm.dbg.value
MAX CALL SITE DEPTH REACHED, IGNORING:llvm.dbg.value
MAX CALL SITE DEPTH REACHED, IGNORING:llvm.dbg.value
MAX CALL SITE DEPTH REACHED, IGNORING:llvm.dbg.value
MAX CALL SITE DEPTH REACHED, IGNORING:llvm.dbg.value
MAX CALL SITE DEPTH REACHED, IGNORING:llvm.dbg.value
MAX CALL SITE DEPTH REACHED, IGNORING:llvm.dbg.value
MAX CALL SITE DEPTH REACHED, IGNORING:llvm.dbg.value
MAX CALL SITE DEPTH REACHED, IGNORING:strnlen
MAX CALL SITE DEPTH REACHED, IGNORING:llvm.dbg.value
MAX CALL SITE DEPTH REACHED, IGNORING:llvm.dbg.value
MAX CALL SITE DEPTH REACHED, IGNORING:llvm.dbg.value
MAX CALL SITE DEPTH REACHED, IGNORING:printfmt
MAX CALL SITE DEPTH REACHED, IGNORING:llvm.dbg.value
MAX CALL SITE DEPTH REACHED, IGNORING:llvm.dbg.value
MAX CALL SITE DEPTH REACHED, IGNORING:llvm.dbg.value
MAX CALL SITE DEPTH REACHED, IGNORING:llvm.dbg.value
MAX CALL SITE DEPTH REACHED, IGNORING:llvm.dbg.value
MAX CALL SITE DEPTH REACHED, IGNORING:llvm.dbg.value
MAX CALL SITE DEPTH REACHED, IGNORING:llvm.dbg.value
MAX CALL SITE DEPTH REACHED, IGNORING:llvm.dbg.value
MAX CALL SITE DEPTH REACHED, IGNORING:llvm.dbg.value
MAX CALL SITE DEPTH REACHED, IGNORING:llvm.dbg.value
MAX CALL SITE DEPTH REACHED, IGNORING:llvm.dbg.value
MAX CALL SITE DEPTH REACHED, IGNORING:llvm.dbg.value
MAX CALL SITE DEPTH REACHED, IGNORING:llvm.dbg.value
MAX CALL SITE DEPTH REACHED, IGNORING:llvm.dbg.value
MAX CALL SITE DEPTH REACHED, IGNORING:llvm.dbg.value
MAX CALL SITE DEPTH REACHED, IGNORING:llvm.dbg.value
MAX CALL SITE DEPTH REACHED, IGNORING:llvm.dbg.value
MAX CALL SITE DEPTH REACHED, IGNORING:llvm.dbg.value
MAX CALL SITE DEPTH REACHED, IGNORING:llvm.dbg.value
MAX CALL SITE DEPTH REACHED, IGNORING:llvm.dbg.value
MAX CALL SITE DEPTH REACHED, IGNORING:llvm.dbg.value
MAX CALL SITE DEPTH REACHED, IGNORING:llvm.dbg.value
MAX CALL SITE DEPTH REACHED, IGNORING:llvm.dbg.value
MAX CALL SITE DEPTH REACHED, IGNORING:llvm.dbg.value
MAX CALL SITE DEPTH REACHED, IGNORING:llvm.dbg.value
MAX CALL SITE DEPTH REACHED, IGNORING:llvm.dbg.value
MAX CALL SITE DEPTH REACHED, IGNORING:llvm.dbg.value
MAX CALL SITE DEPTH REACHED, IGNORING:llvm.dbg.declare
MAX CALL SITE DEPTH REACHED, IGNORING:llvm.va_start
MAX CALL SITE DEPTH REACHED, IGNORING:llvm.dbg.value
MAX CALL SITE DEPTH REACHED, IGNORING:llvm.dbg.value
MAX CALL SITE DEPTH REACHED, IGNORING:llvm.dbg.value
MAX CALL SITE DEPTH REACHED, IGNORING:llvm.dbg.declare
MAX CALL SITE DEPTH REACHED, IGNORING:llvm.dbg.value
MAX CALL SITE DEPTH REACHED, IGNORING:llvm.dbg.value
MAX CALL SITE DEPTH REACHED, IGNORING:spinlock_acquire
MAX CALL SITE DEPTH REACHED, IGNORING:vprintfmt
MAX CALL SITE DEPTH REACHED, IGNORING:llvm.dbg.value
MAX CALL SITE DEPTH REACHED, IGNORING:llvm.dbg.declare
MAX CALL SITE DEPTH REACHED, IGNORING:llvm.va_start
MAX CALL SITE DEPTH REACHED, IGNORING:llvm.dbg.value
MAX CALL SITE DEPTH REACHED, IGNORING:llvm.dbg.value
MAX CALL SITE DEPTH REACHED, IGNORING:nop_pause
MAX CALL SITE DEPTH REACHED, IGNORING:llvm.dbg.value
MAX CALL SITE DEPTH REACHED, IGNORING:llvm.dbg.value
MAX CALL SITE DEPTH REACHED, IGNORING:llvm.dbg.value
MAX CALL SITE DEPTH REACHED, IGNORING:llvm.dbg.value
MAX CALL SITE DEPTH REACHED, IGNORING:llvm.dbg.value
MAX CALL SITE DEPTH REACHED, IGNORING:llvm.dbg.value
MAX CALL SITE DEPTH REACHED, IGNORING:llvm.dbg.value
MAX CALL SITE DEPTH REACHED, IGNORING:llvm.dbg.value
MAX CALL SITE DEPTH REACHED, IGNORING:llvm.dbg.value
MAX CALL SITE DEPTH REACHED, IGNORING:llvm.dbg.value
MAX CALL SITE DEPTH REACHED, IGNORING:llvm.dbg.value
MAX CALL SITE DEPTH REACHED, IGNORING:llvm.dbg.value
MAX CALL SITE DEPTH REACHED, IGNORING:llvm.dbg.value
MAX CALL SITE DEPTH REACHED, IGNORING:printnum
MAX CALL SITE DEPTH REACHED, IGNORING:llvm.dbg.value
MAX CALL SITE DEPTH REACHED, IGNORING:llvm.dbg.value
MAX CALL SITE DEPTH REACHED, IGNORING:llvm.dbg.value
MAX CALL SITE DEPTH REACHED, IGNORING:llvm.dbg.value
MAX CALL SITE DEPTH REACHED, IGNORING:llvm.dbg.value
MAX CALL SITE DEPTH REACHED, IGNORING:llvm.dbg.value
MAX CALL SITE DEPTH REACHED, IGNORING:llvm.dbg.value
MAX CALL SITE DEPTH REACHED, IGNORING:llvm.dbg.value
MAX CALL SITE DEPTH REACHED, IGNORING:llvm.dbg.value
MAX CALL SITE DEPTH REACHED, IGNORING:strnlen
MAX CALL SITE DEPTH REACHED, IGNORING:llvm.dbg.value
MAX CALL SITE DEPTH REACHED, IGNORING:llvm.dbg.value
MAX CALL SITE DEPTH REACHED, IGNORING:llvm.dbg.value
MAX CALL SITE DEPTH REACHED, IGNORING:printfmt
MAX CALL SITE DEPTH REACHED, IGNORING:llvm.dbg.value
MAX CALL SITE DEPTH REACHED, IGNORING:printfmt
MAX CALL SITE DEPTH REACHED, IGNORING:llvm.dbg.value
MAX CALL SITE DEPTH REACHED, IGNORING:llvm.dbg.value
MAX CALL SITE DEPTH REACHED, IGNORING:llvm.dbg.value
MAX CALL SITE DEPTH REACHED, IGNORING:llvm.dbg.value
MAX CALL SITE DEPTH REACHED, IGNORING:llvm.dbg.value
MAX CALL SITE DEPTH REACHED, IGNORING:llvm.dbg.value
MAX CALL SITE DEPTH REACHED, IGNORING:llvm.dbg.value
MAX CALL SITE DEPTH REACHED, IGNORING:llvm.dbg.value
MAX CALL SITE DEPTH REACHED, IGNORING:llvm.dbg.value
MAX CALL SITE DEPTH REACHED, IGNORING:llvm.dbg.value
MAX CALL SITE DEPTH REACHED, IGNORING:llvm.dbg.value
MAX CALL SITE DEPTH REACHED, IGNORING:llvm.dbg.value
MAX CALL SITE DEPTH REACHED, IGNORING:llvm.dbg.value
MAX CALL SITE DEPTH REACHED, IGNORING:llvm.dbg.value
MAX CALL SITE DEPTH REACHED, IGNORING:llvm.dbg.value
MAX CALL SITE DEPTH REACHED, IGNORING:llvm.dbg.value
MAX CALL SITE DEPTH REACHED, IGNORING:llvm.dbg.value
MAX CALL SITE DEPTH REACHED, IGNORING:llvm.dbg.value
MAX CALL SITE DEPTH REACHED, IGNORING:llvm.dbg.value
MAX CALL SITE DEPTH REACHED, IGNORING:llvm.dbg.value
MAX CALL SITE DEPTH REACHED, IGNORING:llvm.dbg.value
MAX CALL SITE DEPTH REACHED, IGNORING:llvm.dbg.value
MAX CALL SITE DEPTH REACHED, IGNORING:llvm.dbg.value
MAX CALL SITE DEPTH REACHED, IGNORING:llvm.dbg.value
MAX CALL SITE DEPTH REACHED, IGNORING:llvm.dbg.value
MAX CALL SITE DEPTH REACHED, IGNORING:llvm.dbg.value
MAX CALL SITE DEPTH REACHED, IGNORING:__panic
MAX CALL SITE DEPTH REACHED, IGNORING:llvm.dbg.value
MAX CALL SITE DEPTH REACHED, IGNORING:llvm.dbg.value
MAX CALL SITE DEPTH REACHED, IGNORING:llvm.dbg.value
MAX CALL SITE DEPTH REACHED, IGNORING:llvm.dbg.value
MAX CALL SITE DEPTH REACHED, IGNORING:llvm.dbg.value
MAX CALL SITE DEPTH REACHED, IGNORING:llvm.dbg.value
MAX CALL SITE DEPTH REACHED, IGNORING:llvm.dbg.value
MAX CALL SITE DEPTH REACHED, IGNORING:llvm.dbg.value
MAX CALL SITE DEPTH REACHED, IGNORING:llvm.dbg.value
MAX CALL SITE DEPTH REACHED, IGNORING:llvm.dbg.value
MAX CALL SITE DEPTH REACHED, IGNORING:llvm.dbg.value
MAX CALL SITE DEPTH REACHED, IGNORING:llvm.dbg.value
MAX CALL SITE DEPTH REACHED, IGNORING:llvm.dbg.value
MAX CALL SITE DEPTH REACHED, IGNORING:printnum
MAX CALL SITE DEPTH REACHED, IGNORING:llvm.dbg.value
MAX CALL SITE DEPTH REACHED, IGNORING:llvm.dbg.value
MAX CALL SITE DEPTH REACHED, IGNORING:llvm.dbg.value
MAX CALL SITE DEPTH REACHED, IGNORING:llvm.dbg.value
MAX CALL SITE DEPTH REACHED, IGNORING:llvm.dbg.value
MAX CALL SITE DEPTH REACHED, IGNORING:llvm.dbg.value
MAX CALL SITE DEPTH REACHED, IGNORING:llvm.dbg.value
MAX CALL SITE DEPTH REACHED, IGNORING:llvm.dbg.value
MAX CALL SITE DEPTH REACHED, IGNORING:llvm.dbg.value
MAX CALL SITE DEPTH REACHED, IGNORING:llvm.dbg.declare
MAX CALL SITE DEPTH REACHED, IGNORING:llvm.va_start
MAX CALL SITE DEPTH REACHED, IGNORING:vprintfmt
MAX CALL SITE DEPTH REACHED, IGNORING:llvm.dbg.value
MAX CALL SITE DEPTH REACHED, IGNORING:llvm.dbg.value
MAX CALL SITE DEPTH REACHED, IGNORING:llvm.dbg.value
MAX CALL SITE DEPTH REACHED, IGNORING:llvm.dbg.value
MAX CALL SITE DEPTH REACHED, IGNORING:llvm.dbg.declare
MAX CALL SITE DEPTH REACHED, IGNORING:llvm.va_start
MAX CALL SITE DEPTH REACHED, IGNORING:vprintfmt
MAX CALL SITE DEPTH REACHED, IGNORING:llvm.dbg.value
MAX CALL SITE DEPTH REACHED, IGNORING:llvm.dbg.value
MAX CALL SITE DEPTH REACHED, IGNORING:llvm.dbg.value
MAX CALL SITE DEPTH REACHED, IGNORING:llvm.dbg.declare
MAX CALL SITE DEPTH REACHED, IGNORING:llvm.va_start
MAX CALL SITE DEPTH REACHED, IGNORING:kprintf
MAX CALL SITE DEPTH REACHED, IGNORING:kprintf
MAX CALL SITE DEPTH REACHED, IGNORING:intr_disable
MAX CALL SITE DEPTH REACHED, IGNORING:monitor
MAX CALL SITE DEPTH REACHED, IGNORING:llvm.dbg.value
MAX CALL SITE DEPTH REACHED, IGNORING:nop_pause
MAX CALL SITE DEPTH REACHED, IGNORING:llvm.dbg.value
MAX CALL SITE DEPTH REACHED, IGNORING:llvm.dbg.value
MAX CALL SITE DEPTH REACHED, IGNORING:llvm.dbg.value
MAX CALL SITE DEPTH REACHED, IGNORING:llvm.dbg.value
MAX CALL SITE DEPTH REACHED, IGNORING:llvm.dbg.value
MAX CALL SITE DEPTH REACHED, IGNORING:llvm.dbg.value
MAX CALL SITE DEPTH REACHED, IGNORING:llvm.dbg.value
MAX CALL SITE DEPTH REACHED, IGNORING:llvm.dbg.value
MAX CALL SITE DEPTH REACHED, IGNORING:llvm.dbg.value
MAX CALL SITE DEPTH REACHED, IGNORING:llvm.dbg.value
MAX CALL SITE DEPTH REACHED, IGNORING:llvm.dbg.value
MAX CALL SITE DEPTH REACHED, IGNORING:llvm.dbg.value
MAX CALL SITE DEPTH REACHED, IGNORING:llvm.dbg.value
MAX CALL SITE DEPTH REACHED, IGNORING:printnum
MAX CALL SITE DEPTH REACHED, IGNORING:llvm.dbg.value
MAX CALL SITE DEPTH REACHED, IGNORING:llvm.dbg.value
MAX CALL SITE DEPTH REACHED, IGNORING:llvm.dbg.value
MAX CALL SITE DEPTH REACHED, IGNORING:llvm.dbg.value
MAX CALL SITE DEPTH REACHED, IGNORING:llvm.dbg.value
MAX CALL SITE DEPTH REACHED, IGNORING:llvm.dbg.value
MAX CALL SITE DEPTH REACHED, IGNORING:llvm.dbg.value
MAX CALL SITE DEPTH REACHED, IGNORING:llvm.dbg.value
MAX CALL SITE DEPTH REACHED, IGNORING:llvm.dbg.value
MAX CALL SITE DEPTH REACHED, IGNORING:strnlen
MAX CALL SITE DEPTH REACHED, IGNORING:llvm.dbg.value
MAX CALL SITE DEPTH REACHED, IGNORING:llvm.dbg.value
MAX CALL SITE DEPTH REACHED, IGNORING:llvm.dbg.value
MAX CALL SITE DEPTH REACHED, IGNORING:printfmt
MAX CALL SITE DEPTH REACHED, IGNORING:llvm.dbg.value
MAX CALL SITE DEPTH REACHED, IGNORING:printfmt
MAX CALL SITE DEPTH REACHED, IGNORING:llvm.dbg.value
MAX CALL SITE DEPTH REACHED, IGNORING:llvm.dbg.value
MAX CALL SITE DEPTH REACHED, IGNORING:llvm.dbg.value
MAX CALL SITE DEPTH REACHED, IGNORING:llvm.dbg.value
MAX CALL SITE DEPTH REACHED, IGNORING:llvm.dbg.value
MAX CALL SITE DEPTH REACHED, IGNORING:llvm.dbg.value
MAX CALL SITE DEPTH REACHED, IGNORING:llvm.dbg.value
MAX CALL SITE DEPTH REACHED, IGNORING:llvm.dbg.value
MAX CALL SITE DEPTH REACHED, IGNORING:llvm.dbg.value
MAX CALL SITE DEPTH REACHED, IGNORING:llvm.dbg.value
MAX CALL SITE DEPTH REACHED, IGNORING:llvm.dbg.value
MAX CALL SITE DEPTH REACHED, IGNORING:llvm.dbg.value
MAX CALL SITE DEPTH REACHED, IGNORING:llvm.dbg.value
MAX CALL SITE DEPTH REACHED, IGNORING:llvm.dbg.value
MAX CALL SITE DEPTH REACHED, IGNORING:llvm.dbg.value
MAX CALL SITE DEPTH REACHED, IGNORING:llvm.dbg.value
MAX CALL SITE DEPTH REACHED, IGNORING:llvm.dbg.value
MAX CALL SITE DEPTH REACHED, IGNORING:llvm.dbg.value
MAX CALL SITE DEPTH REACHED, IGNORING:llvm.dbg.value
MAX CALL SITE DEPTH REACHED, IGNORING:llvm.dbg.value
MAX CALL SITE DEPTH REACHED, IGNORING:llvm.dbg.value
MAX CALL SITE DEPTH REACHED, IGNORING:llvm.dbg.value
MAX CALL SITE DEPTH REACHED, IGNORING:llvm.dbg.value
MAX CALL SITE DEPTH REACHED, IGNORING:llvm.dbg.value
MAX CALL SITE DEPTH REACHED, IGNORING:llvm.dbg.value
MAX CALL SITE DEPTH REACHED, IGNORING:llvm.dbg.value
MAX CALL SITE DEPTH REACHED, IGNORING:__panic
MAX CALL SITE DEPTH REACHED, IGNORING:llvm.dbg.value
MAX CALL SITE DEPTH REACHED, IGNORING:nop_pause
MAX CALL SITE DEPTH REACHED, IGNORING:llvm.dbg.value
MAX CALL SITE DEPTH REACHED, IGNORING:llvm.dbg.value
MAX CALL SITE DEPTH REACHED, IGNORING:llvm.dbg.value
MAX CALL SITE DEPTH REACHED, IGNORING:llvm.dbg.value
MAX CALL SITE DEPTH REACHED, IGNORING:llvm.dbg.value
MAX CALL SITE DEPTH REACHED, IGNORING:llvm.dbg.value
MAX CALL SITE DEPTH REACHED, IGNORING:llvm.dbg.value
MAX CALL SITE DEPTH REACHED, IGNORING:llvm.dbg.value
MAX CALL SITE DEPTH REACHED, IGNORING:llvm.dbg.value
MAX CALL SITE DEPTH REACHED, IGNORING:llvm.dbg.value
MAX CALL SITE DEPTH REACHED, IGNORING:llvm.dbg.value
MAX CALL SITE DEPTH REACHED, IGNORING:llvm.dbg.value
MAX CALL SITE DEPTH REACHED, IGNORING:llvm.dbg.value
MAX CALL SITE DEPTH REACHED, IGNORING:printnum
MAX CALL SITE DEPTH REACHED, IGNORING:llvm.dbg.value
MAX CALL SITE DEPTH REACHED, IGNORING:llvm.dbg.value
MAX CALL SITE DEPTH REACHED, IGNORING:llvm.dbg.value
MAX CALL SITE DEPTH REACHED, IGNORING:llvm.dbg.value
MAX CALL SITE DEPTH REACHED, IGNORING:llvm.dbg.value
MAX CALL SITE DEPTH REACHED, IGNORING:llvm.dbg.value
MAX CALL SITE DEPTH REACHED, IGNORING:llvm.dbg.value
MAX CALL SITE DEPTH REACHED, IGNORING:llvm.dbg.value
MAX CALL SITE DEPTH REACHED, IGNORING:llvm.dbg.value
MAX CALL SITE DEPTH REACHED, IGNORING:strnlen
MAX CALL SITE DEPTH REACHED, IGNORING:llvm.dbg.value
MAX CALL SITE DEPTH REACHED, IGNORING:llvm.dbg.value
MAX CALL SITE DEPTH REACHED, IGNORING:llvm.dbg.value
MAX CALL SITE DEPTH REACHED, IGNORING:printfmt
MAX CALL SITE DEPTH REACHED, IGNORING:llvm.dbg.value
MAX CALL SITE DEPTH REACHED, IGNORING:printfmt
MAX CALL SITE DEPTH REACHED, IGNORING:llvm.dbg.value
MAX CALL SITE DEPTH REACHED, IGNORING:llvm.dbg.value
MAX CALL SITE DEPTH REACHED, IGNORING:llvm.dbg.value
MAX CALL SITE DEPTH REACHED, IGNORING:llvm.dbg.value
MAX CALL SITE DEPTH REACHED, IGNORING:llvm.dbg.value
MAX CALL SITE DEPTH REACHED, IGNORING:llvm.dbg.value
MAX CALL SITE DEPTH REACHED, IGNORING:llvm.dbg.value
MAX CALL SITE DEPTH REACHED, IGNORING:llvm.dbg.value
MAX CALL SITE DEPTH REACHED, IGNORING:llvm.dbg.value
MAX CALL SITE DEPTH REACHED, IGNORING:llvm.dbg.value
MAX CALL SITE DEPTH REACHED, IGNORING:llvm.dbg.value
MAX CALL SITE DEPTH REACHED, IGNORING:llvm.dbg.value
MAX CALL SITE DEPTH REACHED, IGNORING:llvm.dbg.value
MAX CALL SITE DEPTH REACHED, IGNORING:llvm.dbg.value
MAX CALL SITE DEPTH REACHED, IGNORING:llvm.dbg.value
MAX CALL SITE DEPTH REACHED, IGNORING:llvm.dbg.value
MAX CALL SITE DEPTH REACHED, IGNORING:llvm.dbg.value
MAX CALL SITE DEPTH REACHED, IGNORING:llvm.dbg.value
MAX CALL SITE DEPTH REACHED, IGNORING:llvm.dbg.value
MAX CALL SITE DEPTH REACHED, IGNORING:llvm.dbg.value
MAX CALL SITE DEPTH REACHED, IGNORING:llvm.dbg.value
MAX CALL SITE DEPTH REACHED, IGNORING:llvm.dbg.value
MAX CALL SITE DEPTH REACHED, IGNORING:llvm.dbg.value
MAX CALL SITE DEPTH REACHED, IGNORING:llvm.dbg.value
MAX CALL SITE DEPTH REACHED, IGNORING:llvm.dbg.value
MAX CALL SITE DEPTH REACHED, IGNORING:llvm.dbg.value
MAX CALL SITE DEPTH REACHED, IGNORING:__panic
MAX CALL SITE DEPTH REACHED, IGNORING:llvm.dbg.value
MAX CALL SITE DEPTH REACHED, IGNORING:llvm.dbg.value
MAX CALL SITE DEPTH REACHED, IGNORING:llvm.dbg.value
MAX CALL SITE DEPTH REACHED, IGNORING:llvm.dbg.value
MAX CALL SITE DEPTH REACHED, IGNORING:llvm.dbg.value
MAX CALL SITE DEPTH REACHED, IGNORING:llvm.dbg.value
MAX CALL SITE DEPTH REACHED, IGNORING:llvm.dbg.value
MAX CALL SITE DEPTH REACHED, IGNORING:llvm.dbg.value
MAX CALL SITE DEPTH REACHED, IGNORING:llvm.dbg.value
MAX CALL SITE DEPTH REACHED, IGNORING:llvm.dbg.value
MAX CALL SITE DEPTH REACHED, IGNORING:llvm.dbg.value
MAX CALL SITE DEPTH REACHED, IGNORING:llvm.dbg.value
MAX CALL SITE DEPTH REACHED, IGNORING:llvm.dbg.value
MAX CALL SITE DEPTH REACHED, IGNORING:printnum
MAX CALL SITE DEPTH REACHED, IGNORING:llvm.dbg.value
MAX CALL SITE DEPTH REACHED, IGNORING:llvm.dbg.value
MAX CALL SITE DEPTH REACHED, IGNORING:llvm.dbg.value
MAX CALL SITE DEPTH REACHED, IGNORING:llvm.dbg.value
MAX CALL SITE DEPTH REACHED, IGNORING:llvm.dbg.value
MAX CALL SITE DEPTH REACHED, IGNORING:llvm.dbg.value
MAX CALL SITE DEPTH REACHED, IGNORING:llvm.dbg.value
MAX CALL SITE DEPTH REACHED, IGNORING:llvm.dbg.value
MAX CALL SITE DEPTH REACHED, IGNORING:llvm.dbg.value
MAX CALL SITE DEPTH REACHED, IGNORING:llvm.dbg.declare
MAX CALL SITE DEPTH REACHED, IGNORING:llvm.va_start
MAX CALL SITE DEPTH REACHED, IGNORING:vprintfmt
MAX CALL SITE DEPTH REACHED, IGNORING:llvm.dbg.value
MAX CALL SITE DEPTH REACHED, IGNORING:llvm.dbg.value
MAX CALL SITE DEPTH REACHED, IGNORING:llvm.dbg.value
MAX CALL SITE DEPTH REACHED, IGNORING:llvm.dbg.value
MAX CALL SITE DEPTH REACHED, IGNORING:llvm.dbg.declare
MAX CALL SITE DEPTH REACHED, IGNORING:llvm.va_start
MAX CALL SITE DEPTH REACHED, IGNORING:vprintfmt
MAX CALL SITE DEPTH REACHED, IGNORING:llvm.dbg.value
MAX CALL SITE DEPTH REACHED, IGNORING:llvm.dbg.value
MAX CALL SITE DEPTH REACHED, IGNORING:llvm.dbg.value
MAX CALL SITE DEPTH REACHED, IGNORING:llvm.dbg.declare
MAX CALL SITE DEPTH REACHED, IGNORING:llvm.va_start
MAX CALL SITE DEPTH REACHED, IGNORING:kprintf
MAX CALL SITE DEPTH REACHED, IGNORING:kprintf
MAX CALL SITE DEPTH REACHED, IGNORING:intr_disable
MAX CALL SITE DEPTH REACHED, IGNORING:monitor
MAX CALL SITE DEPTH REACHED, IGNORING:llvm.dbg.value
MAX CALL SITE DEPTH REACHED, IGNORING:nop_pause
MAX CALL SITE DEPTH REACHED, IGNORING:llvm.dbg.value
MAX CALL SITE DEPTH REACHED, IGNORING:llvm.dbg.value
MAX CALL SITE DEPTH REACHED, IGNORING:llvm.dbg.value
MAX CALL SITE DEPTH REACHED, IGNORING:llvm.dbg.value
MAX CALL SITE DEPTH REACHED, IGNORING:llvm.dbg.value
MAX CALL SITE DEPTH REACHED, IGNORING:llvm.dbg.value
MAX CALL SITE DEPTH REACHED, IGNORING:llvm.dbg.value
MAX CALL SITE DEPTH REACHED, IGNORING:llvm.dbg.value
MAX CALL SITE DEPTH REACHED, IGNORING:llvm.dbg.value
MAX CALL SITE DEPTH REACHED, IGNORING:llvm.dbg.value
MAX CALL SITE DEPTH REACHED, IGNORING:llvm.dbg.value
MAX CALL SITE DEPTH REACHED, IGNORING:llvm.dbg.value
MAX CALL SITE DEPTH REACHED, IGNORING:llvm.dbg.value
MAX CALL SITE DEPTH REACHED, IGNORING:printnum
MAX CALL SITE DEPTH REACHED, IGNORING:llvm.dbg.value
MAX CALL SITE DEPTH REACHED, IGNORING:llvm.dbg.value
MAX CALL SITE DEPTH REACHED, IGNORING:llvm.dbg.value
MAX CALL SITE DEPTH REACHED, IGNORING:llvm.dbg.value
MAX CALL SITE DEPTH REACHED, IGNORING:llvm.dbg.value
MAX CALL SITE DEPTH REACHED, IGNORING:llvm.dbg.value
MAX CALL SITE DEPTH REACHED, IGNORING:llvm.dbg.value
MAX CALL SITE DEPTH REACHED, IGNORING:llvm.dbg.value
MAX CALL SITE DEPTH REACHED, IGNORING:llvm.dbg.value
MAX CALL SITE DEPTH REACHED, IGNORING:strnlen
MAX CALL SITE DEPTH REACHED, IGNORING:llvm.dbg.value
MAX CALL SITE DEPTH REACHED, IGNORING:llvm.dbg.value
MAX CALL SITE DEPTH REACHED, IGNORING:llvm.dbg.value
MAX CALL SITE DEPTH REACHED, IGNORING:printfmt
MAX CALL SITE DEPTH REACHED, IGNORING:llvm.dbg.value
MAX CALL SITE DEPTH REACHED, IGNORING:printfmt
MAX CALL SITE DEPTH REACHED, IGNORING:llvm.dbg.value
MAX CALL SITE DEPTH REACHED, IGNORING:llvm.dbg.value
MAX CALL SITE DEPTH REACHED, IGNORING:llvm.dbg.value
MAX CALL SITE DEPTH REACHED, IGNORING:llvm.dbg.value
MAX CALL SITE DEPTH REACHED, IGNORING:llvm.dbg.value
MAX CALL SITE DEPTH REACHED, IGNORING:llvm.dbg.value
MAX CALL SITE DEPTH REACHED, IGNORING:llvm.dbg.value
MAX CALL SITE DEPTH REACHED, IGNORING:llvm.dbg.value
MAX CALL SITE DEPTH REACHED, IGNORING:llvm.dbg.value
MAX CALL SITE DEPTH REACHED, IGNORING:llvm.dbg.value
MAX CALL SITE DEPTH REACHED, IGNORING:llvm.dbg.value
MAX CALL SITE DEPTH REACHED, IGNORING:llvm.dbg.value
MAX CALL SITE DEPTH REACHED, IGNORING:llvm.dbg.value
MAX CALL SITE DEPTH REACHED, IGNORING:llvm.dbg.value
MAX CALL SITE DEPTH REACHED, IGNORING:llvm.dbg.value
MAX CALL SITE DEPTH REACHED, IGNORING:llvm.dbg.value
MAX CALL SITE DEPTH REACHED, IGNORING:llvm.dbg.value
MAX CALL SITE DEPTH REACHED, IGNORING:llvm.dbg.value
MAX CALL SITE DEPTH REACHED, IGNORING:llvm.dbg.value
MAX CALL SITE DEPTH REACHED, IGNORING:llvm.dbg.value
MAX CALL SITE DEPTH REACHED, IGNORING:llvm.dbg.value
MAX CALL SITE DEPTH REACHED, IGNORING:llvm.dbg.value
MAX CALL SITE DEPTH REACHED, IGNORING:llvm.dbg.value
MAX CALL SITE DEPTH REACHED, IGNORING:llvm.dbg.value
MAX CALL SITE DEPTH REACHED, IGNORING:llvm.dbg.value
MAX CALL SITE DEPTH REACHED, IGNORING:llvm.dbg.value
MAX CALL SITE DEPTH REACHED, IGNORING:__panic
MAX CALL SITE DEPTH REACHED, IGNORING:llvm.dbg.value
MAX CALL SITE DEPTH REACHED, IGNORING:llvm.dbg.value
MAX CALL SITE DEPTH REACHED, IGNORING:llvm.dbg.value
MAX CALL SITE DEPTH REACHED, IGNORING:llvm.dbg.declare
MAX CALL SITE DEPTH REACHED, IGNORING:llvm.va_start
MAX CALL SITE DEPTH REACHED, IGNORING:kprintf
MAX CALL SITE DEPTH REACHED, IGNORING:vkprintf
MAX CALL SITE DEPTH REACHED, IGNORING:kprintf
MAX CALL SITE DEPTH REACHED, IGNORING:intr_disable
MAX CALL SITE DEPTH REACHED, IGNORING:monitor
MAX CALL SITE DEPTH REACHED, IGNORING:llvm.dbg.value
MAX CALL SITE DEPTH REACHED, IGNORING:llvm.dbg.declare
MAX CALL SITE DEPTH REACHED, IGNORING:llvm.va_start
MAX CALL SITE DEPTH REACHED, IGNORING:vkprintf
MAX CALL SITE DEPTH REACHED, IGNORING:llvm.dbg.value
MAX CALL SITE DEPTH REACHED, IGNORING:llvm.dbg.value
MAX CALL SITE DEPTH REACHED, IGNORING:llvm.dbg.value
MAX CALL SITE DEPTH REACHED, IGNORING:llvm.dbg.declare
MAX CALL SITE DEPTH REACHED, IGNORING:llvm.dbg.value
MAX CALL SITE DEPTH REACHED, IGNORING:llvm.dbg.value
MAX CALL SITE DEPTH REACHED, IGNORING:spinlock_acquire
MAX CALL SITE DEPTH REACHED, IGNORING:vprintfmt
MAX CALL SITE DEPTH REACHED, IGNORING:spinlock_release
MAX CALL SITE DEPTH REACHED, IGNORING:llvm.dbg.value
MAX CALL SITE DEPTH REACHED, IGNORING:llvm.dbg.declare
MAX CALL SITE DEPTH REACHED, IGNORING:llvm.va_start
MAX CALL SITE DEPTH REACHED, IGNORING:vkprintf
MAX CALL SITE DEPTH REACHED, IGNORING:llvm.dbg.value
MAX CALL SITE DEPTH REACHED, IGNORING:llvm.dbg.value
MAX CALL SITE DEPTH REACHED, IGNORING:llvm.dbg.value
MAX CALL SITE DEPTH REACHED, IGNORING:llvm.dbg.value
MAX CALL SITE DEPTH REACHED, IGNORING:llvm.dbg.declare
MAX CALL SITE DEPTH REACHED, IGNORING:llvm.va_start
MAX CALL SITE DEPTH REACHED, IGNORING:kprintf
MAX CALL SITE DEPTH REACHED, IGNORING:vkprintf
MAX CALL SITE DEPTH REACHED, IGNORING:kprintf
MAX CALL SITE DEPTH REACHED, IGNORING:intr_disable
MAX CALL SITE DEPTH REACHED, IGNORING:monitor
MAX CALL SITE DEPTH REACHED, IGNORING:llvm.dbg.value
MAX CALL SITE DEPTH REACHED, IGNORING:llvm.dbg.declare
MAX CALL SITE DEPTH REACHED, IGNORING:llvm.va_start
MAX CALL SITE DEPTH REACHED, IGNORING:vkprintf
MAX CALL SITE DEPTH REACHED, IGNORING:llvm.dbg.value
MAX CALL SITE DEPTH REACHED, IGNORING:llvm.dbg.value
MAX CALL SITE DEPTH REACHED, IGNORING:llvm.dbg.value
MAX CALL SITE DEPTH REACHED, IGNORING:llvm.dbg.declare
MAX CALL SITE DEPTH REACHED, IGNORING:llvm.dbg.value
MAX CALL SITE DEPTH REACHED, IGNORING:llvm.dbg.value
MAX CALL SITE DEPTH REACHED, IGNORING:spinlock_acquire
MAX CALL SITE DEPTH REACHED, IGNORING:vprintfmt
MAX CALL SITE DEPTH REACHED, IGNORING:spinlock_release
MAX CALL SITE DEPTH REACHED, IGNORING:llvm.dbg.value
MAX CALL SITE DEPTH REACHED, IGNORING:llvm.dbg.declare
MAX CALL SITE DEPTH REACHED, IGNORING:llvm.va_start
MAX CALL SITE DEPTH REACHED, IGNORING:vkprintf
MAX CALL SITE DEPTH REACHED, IGNORING:llvm.dbg.value
MAX CALL SITE DEPTH REACHED, IGNORING:llvm.dbg.value
MAX CALL SITE DEPTH REACHED, IGNORING:__panic
MAX CALL SITE DEPTH REACHED, IGNORING:llvm.dbg.value
MAX CALL SITE DEPTH REACHED, IGNORING:llvm.dbg.value
MAX CALL SITE DEPTH REACHED, IGNORING:llvm.dbg.value
MAX CALL SITE DEPTH REACHED, IGNORING:llvm.dbg.declare
MAX CALL SITE DEPTH REACHED, IGNORING:llvm.va_start
MAX CALL SITE DEPTH REACHED, IGNORING:kprintf
MAX CALL SITE DEPTH REACHED, IGNORING:vkprintf
MAX CALL SITE DEPTH REACHED, IGNORING:kprintf
MAX CALL SITE DEPTH REACHED, IGNORING:intr_disable
MAX CALL SITE DEPTH REACHED, IGNORING:monitor
MAX CALL SITE DEPTH REACHED, IGNORING:llvm.dbg.value
MAX CALL SITE DEPTH REACHED, IGNORING:llvm.dbg.value
MAX CALL SITE DEPTH REACHED, IGNORING:pa2page.605
MAX CALL SITE DEPTH REACHED, IGNORING:__panic
MAX CALL SITE DEPTH REACHED, IGNORING:llvm.dbg.value
MAX CALL SITE DEPTH REACHED, IGNORING:llvm.dbg.value
MAX CALL SITE DEPTH REACHED, IGNORING:pa2page.605
MAX CALL SITE DEPTH REACHED, IGNORING:__panic
MAX CALL SITE DEPTH REACHED, IGNORING:llvm.dbg.value
MAX CALL SITE DEPTH REACHED, IGNORING:intr_disable
MAX CALL SITE DEPTH REACHED, IGNORING:llvm.dbg.value
MAX CALL SITE DEPTH REACHED, IGNORING:llvm.dbg.value
MAX CALL SITE DEPTH REACHED, IGNORING:kva2page.603
MAX CALL SITE DEPTH REACHED, IGNORING:llvm.dbg.value
MAX CALL SITE DEPTH REACHED, IGNORING:llvm.dbg.value
MAX CALL SITE DEPTH REACHED, IGNORING:llvm.dbg.value
MAX CALL SITE DEPTH REACHED, IGNORING:llvm.dbg.value
MAX CALL SITE DEPTH REACHED, IGNORING:llvm.dbg.value
MAX CALL SITE DEPTH REACHED, IGNORING:llvm.dbg.value
MAX CALL SITE DEPTH REACHED, IGNORING:llvm.dbg.value
MAX CALL SITE DEPTH REACHED, IGNORING:llvm.dbg.value
MAX CALL SITE DEPTH REACHED, IGNORING:llvm.dbg.value
MAX CALL SITE DEPTH REACHED, IGNORING:llvm.dbg.value
MAX CALL SITE DEPTH REACHED, IGNORING:llvm.dbg.value
MAX CALL SITE DEPTH REACHED, IGNORING:llvm.dbg.value
MAX CALL SITE DEPTH REACHED, IGNORING:llvm.dbg.value
MAX CALL SITE DEPTH REACHED, IGNORING:llvm.dbg.value
MAX CALL SITE DEPTH REACHED, IGNORING:llvm.dbg.value
MAX CALL SITE DEPTH REACHED, IGNORING:llvm.dbg.value
MAX CALL SITE DEPTH REACHED, IGNORING:llvm.dbg.value
MAX CALL SITE DEPTH REACHED, IGNORING:llvm.dbg.value
MAX CALL SITE DEPTH REACHED, IGNORING:llvm.dbg.value
MAX CALL SITE DEPTH REACHED, IGNORING:llvm.dbg.value
MAX CALL SITE DEPTH REACHED, IGNORING:llvm.dbg.value
MAX CALL SITE DEPTH REACHED, IGNORING:llvm.dbg.value
MAX CALL SITE DEPTH REACHED, IGNORING:llvm.dbg.value
MAX CALL SITE DEPTH REACHED, IGNORING:llvm.dbg.value
MAX CALL SITE DEPTH REACHED, IGNORING:intr_enable
[+] Writing output to:/dockershare/ucore_plus/dr_checker_out/yaffs_vop_reclaim.json
[+] Return message from file write:Success
[+] Writing Instr output to:/dockershare/ucore_plus/dr_checker_out/instr_warnings/yaffs_vop_reclaiminstr_warngs.json
[+] Return message from file write:Success
Printing analysis 'Soundy Driver Checker':
Pass::print not implemented for pass: 'Soundy Driver Checker'!
